[07:31:02:909] [INFO] - com.wf2311.wakatime.sync.service.sync.HeartBeatService.sync(HeartBeatService.java:64) - 2020-02-20的心跳数据同步完毕，新增374条记录。
[07:31:05:759] [INFO] - com.wf2311.wakatime.sync.service.sync.HeartBeatService.sync(HeartBeatService.java:64) - 2020-02-20的心跳数据同步完毕，新增221条记录。
[07:32:02:234] [INFO] - com.wf2311.wakatime.sync.service.sync.HeartBeatService.sync(HeartBeatService.java:53) - 2020-02-20的心跳数据已是最新，无需同步。
[08:18:02:431] [INFO] - com.wf2311.wakatime.sync.service.sync.HeartBeatService.sync(HeartBeatService.java:53) - 2020-02-20的心跳数据已是最新，无需同步。
[08:20:01:607] [INFO] - com.wf2311.wakatime.sync.service.sync.HeartBeatService.sync(HeartBeatService.java:53) - 2020-02-20的心跳数据已是最新，无需同步。
[08:20:10:117] [INFO] - com.wf2311.wakatime.sync.service.sync.DurationService.sync(DurationService.java:57) - 2020-02-20的持续时间数据同步完毕，新增36条记录。
[08:20:20:966] [INFO] - com.wf2311.wakatime.sync.service.sync.HeartBeatService.sync(HeartBeatService.java:53) - 2020-02-20的心跳数据已是最新，无需同步。
[08:20:27:173] [INFO] - com.wf2311.wakatime.sync.service.sync.DurationService.sync(DurationService.java:57) - 2020-02-20的持续时间数据同步完毕，新增16条记录。
[11:11:02:669] [INFO] - com.wf2311.wakatime.sync.service.sync.HeartBeatService.sync(HeartBeatService.java:53) - 2020-02-20的心跳数据已是最新，无需同步。
[11:11:03:533] [INFO] - com.wf2311.wakatime.sync.service.sync.DurationService.sync(DurationService.java:45) - 2020-02-20的持续时间数据已是最新，无需同步。
[11:11:04:374] [INFO] - com.wf2311.wakatime.sync.service.sync.DaySummaryService.saveDayData(DaySummaryService.java:74) - DayCategoryEntity：1条
[11:11:04:412] [INFO] - com.wf2311.wakatime.sync.service.sync.DaySummaryService.saveDayData(DaySummaryService.java:74) - DayDependencyEntity：23条
[11:11:04:421] [INFO] - com.wf2311.wakatime.sync.service.sync.DaySummaryService.saveDayData(DaySummaryService.java:74) - DayEditorEntity：2条
[11:11:04:435] [INFO] - com.wf2311.wakatime.sync.service.sync.DaySummaryService.saveDayData(DaySummaryService.java:74) - DayLanguageEntity：6条
[11:11:04:443] [INFO] - com.wf2311.wakatime.sync.service.sync.DaySummaryService.saveDayData(DaySummaryService.java:74) - DayOperateSystemEntity：1条
[11:11:04:456] [INFO] - com.wf2311.wakatime.sync.service.sync.DaySummaryService.saveDayData(DaySummaryService.java:74) - DayProjectEntity：6条
[11:11:05:455] [INFO] - com.wf2311.wakatime.sync.service.sync.HeartBeatService.sync(HeartBeatService.java:53) - 2020-02-20的心跳数据已是最新，无需同步。
[11:11:06:419] [INFO] - com.wf2311.wakatime.sync.service.sync.DurationService.sync(DurationService.java:45) - 2020-02-20的持续时间数据已是最新，无需同步。
[11:11:07:116] [INFO] - com.wf2311.wakatime.sync.service.sync.DaySummaryService.saveDayData(DaySummaryService.java:74) - DayCategoryEntity：1条
[11:11:07:142] [INFO] - com.wf2311.wakatime.sync.service.sync.DaySummaryService.saveDayData(DaySummaryService.java:74) - DayDependencyEntity：22条
[11:11:07:145] [INFO] - com.wf2311.wakatime.sync.service.sync.DaySummaryService.saveDayData(DaySummaryService.java:74) - DayEditorEntity：1条
[11:11:07:151] [INFO] - com.wf2311.wakatime.sync.service.sync.DaySummaryService.saveDayData(DaySummaryService.java:74) - DayLanguageEntity：2条
[11:11:07:154] [INFO] - com.wf2311.wakatime.sync.service.sync.DaySummaryService.saveDayData(DaySummaryService.java:74) - DayOperateSystemEntity：1条
[11:11:07:160] [INFO] - com.wf2311.wakatime.sync.service.sync.DaySummaryService.saveDayData(DaySummaryService.java:74) - DayProjectEntity：3条
[11:20:01:947] [INFO] - com.wf2311.wakatime.sync.service.sync.HeartBeatService.sync(HeartBeatService.java:53) - 2020-02-20的心跳数据已是最新，无需同步。
[11:20:03:830] [INFO] - com.wf2311.wakatime.sync.service.sync.DurationService.sync(DurationService.java:45) - 2020-02-20的持续时间数据已是最新，无需同步。
[11:20:04:638] [INFO] - com.wf2311.wakatime.sync.service.sync.DaySummaryService.saveDayData(DaySummaryService.java:74) - DayCategoryEntity：1条
[11:20:04:673] [INFO] - com.wf2311.wakatime.sync.service.sync.DaySummaryService.saveDayData(DaySummaryService.java:74) - DayDependencyEntity：23条
[11:20:04:683] [INFO] - com.wf2311.wakatime.sync.service.sync.DaySummaryService.saveDayData(DaySummaryService.java:74) - DayEditorEntity：2条
[11:20:04:696] [INFO] - com.wf2311.wakatime.sync.service.sync.DaySummaryService.saveDayData(DaySummaryService.java:74) - DayLanguageEntity：6条
[11:20:04:703] [INFO] - com.wf2311.wakatime.sync.service.sync.DaySummaryService.saveDayData(DaySummaryService.java:74) - DayOperateSystemEntity：1条
[11:20:04:716] [INFO] - com.wf2311.wakatime.sync.service.sync.DaySummaryService.saveDayData(DaySummaryService.java:74) - DayProjectEntity：6条
[11:20:06:515] [INFO] - com.wf2311.wakatime.sync.service.sync.HeartBeatService.sync(HeartBeatService.java:53) - 2020-02-20的心跳数据已是最新，无需同步。
[11:20:09:452] [INFO] - com.wf2311.wakatime.sync.service.sync.DurationService.sync(DurationService.java:45) - 2020-02-20的持续时间数据已是最新，无需同步。
[11:24:01:297] [INFO] - com.wf2311.wakatime.sync.service.sync.HeartBeatService.sync(HeartBeatService.java:53) - 2020-02-20的心跳数据已是最新，无需同步。
[11:24:02:104] [INFO] - com.wf2311.wakatime.sync.service.sync.DurationService.sync(DurationService.java:45) - 2020-02-20的持续时间数据已是最新，无需同步。
[11:24:02:845] [INFO] - com.wf2311.wakatime.sync.service.sync.DaySummaryService.saveDayData(DaySummaryService.java:74) - DayCategoryEntity：1条
[11:24:02:882] [INFO] - com.wf2311.wakatime.sync.service.sync.DaySummaryService.saveDayData(DaySummaryService.java:74) - DayDependencyEntity：23条
[11:24:02:892] [INFO] - com.wf2311.wakatime.sync.service.sync.DaySummaryService.saveDayData(DaySummaryService.java:74) - DayEditorEntity：2条
[11:24:02:906] [INFO] - com.wf2311.wakatime.sync.service.sync.DaySummaryService.saveDayData(DaySummaryService.java:74) - DayLanguageEntity：6条
[11:24:02:913] [INFO] - com.wf2311.wakatime.sync.service.sync.DaySummaryService.saveDayData(DaySummaryService.java:74) - DayOperateSystemEntity：1条
[11:24:02:925] [INFO] - com.wf2311.wakatime.sync.service.sync.DaySummaryService.saveDayData(DaySummaryService.java:74) - DayProjectEntity：6条
[11:24:08:278] [INFO] - com.wf2311.wakatime.sync.service.sync.HeartBeatService.sync(HeartBeatService.java:53) - 2020-02-20的心跳数据已是最新，无需同步。
[11:24:17:497] [INFO] - com.wf2311.wakatime.sync.service.sync.DurationService.sync(DurationService.java:45) - 2020-02-20的持续时间数据已是最新，无需同步。
[11:24:18:163] [INFO] - com.wf2311.wakatime.sync.service.sync.DaySummaryService.saveDayData(DaySummaryService.java:74) - DayCategoryEntity：1条
[11:24:18:191] [INFO] - com.wf2311.wakatime.sync.service.sync.DaySummaryService.saveDayData(DaySummaryService.java:74) - DayDependencyEntity：22条
[11:24:18:194] [INFO] - com.wf2311.wakatime.sync.service.sync.DaySummaryService.saveDayData(DaySummaryService.java:74) - DayEditorEntity：1条
[11:24:18:200] [INFO] - com.wf2311.wakatime.sync.service.sync.DaySummaryService.saveDayData(DaySummaryService.java:74) - DayLanguageEntity：2条
[11:24:18:204] [INFO] - com.wf2311.wakatime.sync.service.sync.DaySummaryService.saveDayData(DaySummaryService.java:74) - DayOperateSystemEntity：1条
[11:24:18:209] [INFO] - com.wf2311.wakatime.sync.service.sync.DaySummaryService.saveDayData(DaySummaryService.java:74) - DayProjectEntity：3条
