[12:47:00:671] [ERROR] - org.springframework.boot.SpringApplication.reportFailure(SpringApplication.java:858) - Application run failed
org.springframework.beans.factory.BeanCreationException: Error creating bean with name 'lettuceClientResources' defined in class path resource [org/springframework/boot/autoconfigure/data/redis/LettuceConnectionConfiguration.class]: Bean instantiation via factory method failed; nested exception is org.springframework.beans.BeanInstantiationException: Failed to instantiate [io.lettuce.core.resource.DefaultClientResources]: Factory method 'lettuceClientResources' threw exception; nested exception is java.lang.NoClassDefFoundError: reactor/core/scheduler/Schedulers
	at org.springframework.beans.factory.support.ConstructorResolver.instantiate(ConstructorResolver.java:627) ~[spring-beans-5.1.3.RELEASE.jar:5.1.3.RELEASE]
	at org.springframework.beans.factory.support.ConstructorResolver.instantiateUsingFactoryMethod(ConstructorResolver.java:456) ~[spring-beans-5.1.3.RELEASE.jar:5.1.3.RELEASE]
	at org.springframework.beans.factory.support.AbstractAutowireCapableBeanFactory.instantiateUsingFactoryMethod(AbstractAutowireCapableBeanFactory.java:1288) ~[spring-beans-5.1.3.RELEASE.jar:5.1.3.RELEASE]
	at org.springframework.beans.factory.support.AbstractAutowireCapableBeanFactory.createBeanInstance(AbstractAutowireCapableBeanFactory.java:1127) ~[spring-beans-5.1.3.RELEASE.jar:5.1.3.RELEASE]
	at org.springframework.beans.factory.support.AbstractAutowireCapableBeanFactory.doCreateBean(AbstractAutowireCapableBeanFactory.java:538) ~[spring-beans-5.1.3.RELEASE.jar:5.1.3.RELEASE]
	at org.springframework.beans.factory.support.AbstractAutowireCapableBeanFactory.createBean(AbstractAutowireCapableBeanFactory.java:498) ~[spring-beans-5.1.3.RELEASE.jar:5.1.3.RELEASE]
	at org.springframework.beans.factory.support.AbstractBeanFactory.lambda$doGetBean$0(AbstractBeanFactory.java:320) ~[spring-beans-5.1.3.RELEASE.jar:5.1.3.RELEASE]
	at org.springframework.beans.factory.support.DefaultSingletonBeanRegistry.getSingleton(DefaultSingletonBeanRegistry.java:222) ~[spring-beans-5.1.3.RELEASE.jar:5.1.3.RELEASE]
	at org.springframework.beans.factory.support.AbstractBeanFactory.doGetBean(AbstractBeanFactory.java:318) ~[spring-beans-5.1.3.RELEASE.jar:5.1.3.RELEASE]
	at org.springframework.beans.factory.support.AbstractBeanFactory.getBean(AbstractBeanFactory.java:199) ~[spring-beans-5.1.3.RELEASE.jar:5.1.3.RELEASE]
	at org.springframework.beans.factory.support.DefaultListableBeanFactory.preInstantiateSingletons(DefaultListableBeanFactory.java:846) ~[spring-beans-5.1.3.RELEASE.jar:5.1.3.RELEASE]
	at org.springframework.context.support.AbstractApplicationContext.finishBeanFactoryInitialization(AbstractApplicationContext.java:863) ~[spring-context-5.1.3.RELEASE.jar:5.1.3.RELEASE]
	at org.springframework.context.support.AbstractApplicationContext.refresh(AbstractApplicationContext.java:546) ~[spring-context-5.1.3.RELEASE.jar:5.1.3.RELEASE]
	at org.springframework.boot.web.servlet.context.ServletWebServerApplicationContext.refresh(ServletWebServerApplicationContext.java:142) ~[spring-boot-2.1.1.RELEASE.jar:2.1.1.RELEASE]
	at org.springframework.boot.SpringApplication.refresh(SpringApplication.java:775) [spring-boot-2.1.1.RELEASE.jar:2.1.1.RELEASE]
	at org.springframework.boot.SpringApplication.refreshContext(SpringApplication.java:397) [spring-boot-2.1.1.RELEASE.jar:2.1.1.RELEASE]
	at org.springframework.boot.SpringApplication.run(SpringApplication.java:316) [spring-boot-2.1.1.RELEASE.jar:2.1.1.RELEASE]
	at org.springframework.boot.SpringApplication.run(SpringApplication.java:1260) [spring-boot-2.1.1.RELEASE.jar:2.1.1.RELEASE]
	at org.springframework.boot.SpringApplication.run(SpringApplication.java:1248) [spring-boot-2.1.1.RELEASE.jar:2.1.1.RELEASE]
	at com.wf2311.wakatime.sync.WakatimeSyncApplication.main(WakatimeSyncApplication.java:12) [classes/:?]
Caused by: org.springframework.beans.BeanInstantiationException: Failed to instantiate [io.lettuce.core.resource.DefaultClientResources]: Factory method 'lettuceClientResources' threw exception; nested exception is java.lang.NoClassDefFoundError: reactor/core/scheduler/Schedulers
	at org.springframework.beans.factory.support.SimpleInstantiationStrategy.instantiate(SimpleInstantiationStrategy.java:185) ~[spring-beans-5.1.3.RELEASE.jar:5.1.3.RELEASE]
	at org.springframework.beans.factory.support.ConstructorResolver.instantiate(ConstructorResolver.java:622) ~[spring-beans-5.1.3.RELEASE.jar:5.1.3.RELEASE]
	... 19 more
Caused by: java.lang.NoClassDefFoundError: reactor/core/scheduler/Schedulers
	at io.lettuce.core.resource.DefaultClientResources.<init>(DefaultClientResources.java:181) ~[lettuce-core-5.1.3.RELEASE.jar:?]
	at io.lettuce.core.resource.DefaultClientResources$Builder.build(DefaultClientResources.java:527) ~[lettuce-core-5.1.3.RELEASE.jar:?]
	at io.lettuce.core.resource.DefaultClientResources.create(DefaultClientResources.java:237) ~[lettuce-core-5.1.3.RELEASE.jar:?]
	at org.springframework.boot.autoconfigure.data.redis.LettuceConnectionConfiguration.lettuceClientResources(LettuceConnectionConfiguration.java:67) ~[spring-boot-autoconfigure-2.1.1.RELEASE.jar:2.1.1.RELEASE]
	at org.springframework.boot.autoconfigure.data.redis.LettuceConnectionConfiguration$$EnhancerBySpringCGLIB$$d959af6e.CGLIB$lettuceClientResources$1(<generated>) ~[spring-boot-autoconfigure-2.1.1.RELEASE.jar:2.1.1.RELEASE]
	at org.springframework.boot.autoconfigure.data.redis.LettuceConnectionConfiguration$$EnhancerBySpringCGLIB$$d959af6e$$FastClassBySpringCGLIB$$d009e0a1.invoke(<generated>) ~[spring-boot-autoconfigure-2.1.1.RELEASE.jar:2.1.1.RELEASE]
	at org.springframework.cglib.proxy.MethodProxy.invokeSuper(MethodProxy.java:244) ~[spring-core-5.1.3.RELEASE.jar:5.1.3.RELEASE]
	at org.springframework.context.annotation.ConfigurationClassEnhancer$BeanMethodInterceptor.intercept(ConfigurationClassEnhancer.java:363) ~[spring-context-5.1.3.RELEASE.jar:5.1.3.RELEASE]
	at org.springframework.boot.autoconfigure.data.redis.LettuceConnectionConfiguration$$EnhancerBySpringCGLIB$$d959af6e.lettuceClientResources(<generated>) ~[spring-boot-autoconfigure-2.1.1.RELEASE.jar:2.1.1.RELEASE]
	at sun.reflect.NativeMethodAccessorImpl.invoke0(Native Method) ~[?:1.8.0_241]
	at sun.reflect.NativeMethodAccessorImpl.invoke(NativeMethodAccessorImpl.java:62) ~[?:1.8.0_241]
	at sun.reflect.DelegatingMethodAccessorImpl.invoke(DelegatingMethodAccessorImpl.java:43) ~[?:1.8.0_241]
	at java.lang.reflect.Method.invoke(Method.java:498) ~[?:1.8.0_241]
	at org.springframework.beans.factory.support.SimpleInstantiationStrategy.instantiate(SimpleInstantiationStrategy.java:154) ~[spring-beans-5.1.3.RELEASE.jar:5.1.3.RELEASE]
	at org.springframework.beans.factory.support.ConstructorResolver.instantiate(ConstructorResolver.java:622) ~[spring-beans-5.1.3.RELEASE.jar:5.1.3.RELEASE]
	... 19 more
Caused by: java.lang.ClassNotFoundException: reactor.core.scheduler.Schedulers
	at java.net.URLClassLoader.findClass(URLClassLoader.java:382) ~[?:1.8.0_241]
	at java.lang.ClassLoader.loadClass(ClassLoader.java:418) ~[?:1.8.0_241]
	at sun.misc.Launcher$AppClassLoader.loadClass(Launcher.java:355) ~[?:1.8.0_241]
	at java.lang.ClassLoader.loadClass(ClassLoader.java:351) ~[?:1.8.0_241]
	at io.lettuce.core.resource.DefaultClientResources.<init>(DefaultClientResources.java:181) ~[lettuce-core-5.1.3.RELEASE.jar:?]
	at io.lettuce.core.resource.DefaultClientResources$Builder.build(DefaultClientResources.java:527) ~[lettuce-core-5.1.3.RELEASE.jar:?]
	at io.lettuce.core.resource.DefaultClientResources.create(DefaultClientResources.java:237) ~[lettuce-core-5.1.3.RELEASE.jar:?]
	at org.springframework.boot.autoconfigure.data.redis.LettuceConnectionConfiguration.lettuceClientResources(LettuceConnectionConfiguration.java:67) ~[spring-boot-autoconfigure-2.1.1.RELEASE.jar:2.1.1.RELEASE]
	at org.springframework.boot.autoconfigure.data.redis.LettuceConnectionConfiguration$$EnhancerBySpringCGLIB$$d959af6e.CGLIB$lettuceClientResources$1(<generated>) ~[spring-boot-autoconfigure-2.1.1.RELEASE.jar:2.1.1.RELEASE]
	at org.springframework.boot.autoconfigure.data.redis.LettuceConnectionConfiguration$$EnhancerBySpringCGLIB$$d959af6e$$FastClassBySpringCGLIB$$d009e0a1.invoke(<generated>) ~[spring-boot-autoconfigure-2.1.1.RELEASE.jar:2.1.1.RELEASE]
	at org.springframework.cglib.proxy.MethodProxy.invokeSuper(MethodProxy.java:244) ~[spring-core-5.1.3.RELEASE.jar:5.1.3.RELEASE]
	at org.springframework.context.annotation.ConfigurationClassEnhancer$BeanMethodInterceptor.intercept(ConfigurationClassEnhancer.java:363) ~[spring-context-5.1.3.RELEASE.jar:5.1.3.RELEASE]
	at org.springframework.boot.autoconfigure.data.redis.LettuceConnectionConfiguration$$EnhancerBySpringCGLIB$$d959af6e.lettuceClientResources(<generated>) ~[spring-boot-autoconfigure-2.1.1.RELEASE.jar:2.1.1.RELEASE]
	at sun.reflect.NativeMethodAccessorImpl.invoke0(Native Method) ~[?:1.8.0_241]
	at sun.reflect.NativeMethodAccessorImpl.invoke(NativeMethodAccessorImpl.java:62) ~[?:1.8.0_241]
	at sun.reflect.DelegatingMethodAccessorImpl.invoke(DelegatingMethodAccessorImpl.java:43) ~[?:1.8.0_241]
	at java.lang.reflect.Method.invoke(Method.java:498) ~[?:1.8.0_241]
	at org.springframework.beans.factory.support.SimpleInstantiationStrategy.instantiate(SimpleInstantiationStrategy.java:154) ~[spring-beans-5.1.3.RELEASE.jar:5.1.3.RELEASE]
	at org.springframework.beans.factory.support.ConstructorResolver.instantiate(ConstructorResolver.java:622) ~[spring-beans-5.1.3.RELEASE.jar:5.1.3.RELEASE]
	... 19 more
