[21:36:09:000] [INFO] - org.springframework.boot.StartupInfoLogger.logStarting(StartupInfoLogger.java:50) - Starting WakatimeSyncApplication on DESKTOP-142GN2G with PID 872 (I:\wakatime\wf2311-wakatime-sync-master\wakatime-sync\target\classes started by 朱峰龙 in I:\wakatime\wf2311-wakatime-sync-master\wakatime-sync)
[21:36:09:009] [INFO] - org.springframework.boot.SpringApplication.logStartupProfileInfo(SpringApplication.java:675) - No active profile set, falling back to default profiles: default
[21:36:09:740] [INFO] - org.springframework.data.repository.config.RepositoryConfigurationDelegate.multipleStoresDetected(RepositoryConfigurationDelegate.java:244) - Multiple Spring Data modules found, entering strict repository configuration mode!
[21:36:09:741] [INFO] - org.springframework.data.repository.config.RepositoryConfigurationDelegate.registerRepositoriesIn(RepositoryConfigurationDelegate.java:126) - Bootstrapping Spring Data repositories in DEFAULT mode.
[21:36:09:889] [INFO] - org.springframework.data.repository.config.RepositoryConfigurationDelegate.registerRepositoriesIn(RepositoryConfigurationDelegate.java:182) - Finished Spring Data repository scanning in 142ms. Found 13 repository interfaces.
[21:36:09:905] [INFO] - org.springframework.data.repository.config.RepositoryConfigurationDelegate.multipleStoresDetected(RepositoryConfigurationDelegate.java:244) - Multiple Spring Data modules found, entering strict repository configuration mode!
[21:36:09:906] [INFO] - org.springframework.data.repository.config.RepositoryConfigurationDelegate.registerRepositoriesIn(RepositoryConfigurationDelegate.java:126) - Bootstrapping Spring Data repositories in DEFAULT mode.
[21:36:09:942] [INFO] - org.springframework.data.repository.config.RepositoryConfigurationExtensionSupport.isStrictRepositoryCandidate(RepositoryConfigurationExtensionSupport.java:363) - Spring Data Redis - Could not safely identify store assignment for repository candidate interface com.wf2311.wakatime.sync.repository.DayCategoryRepository.
[21:36:09:943] [INFO] - org.springframework.data.repository.config.RepositoryConfigurationExtensionSupport.isStrictRepositoryCandidate(RepositoryConfigurationExtensionSupport.java:363) - Spring Data Redis - Could not safely identify store assignment for repository candidate interface com.wf2311.wakatime.sync.repository.DayDependencyRepository.
[21:36:09:943] [INFO] - org.springframework.data.repository.config.RepositoryConfigurationExtensionSupport.isStrictRepositoryCandidate(RepositoryConfigurationExtensionSupport.java:363) - Spring Data Redis - Could not safely identify store assignment for repository candidate interface com.wf2311.wakatime.sync.repository.DayEditorRepository.
[21:36:09:944] [INFO] - org.springframework.data.repository.config.RepositoryConfigurationExtensionSupport.isStrictRepositoryCandidate(RepositoryConfigurationExtensionSupport.java:363) - Spring Data Redis - Could not safely identify store assignment for repository candidate interface com.wf2311.wakatime.sync.repository.DayEntityRepository.
[21:36:09:944] [INFO] - org.springframework.data.repository.config.RepositoryConfigurationExtensionSupport.isStrictRepositoryCandidate(RepositoryConfigurationExtensionSupport.java:363) - Spring Data Redis - Could not safely identify store assignment for repository candidate interface com.wf2311.wakatime.sync.repository.DayGrandTotalRepository.
[21:36:09:945] [INFO] - org.springframework.data.repository.config.RepositoryConfigurationExtensionSupport.isStrictRepositoryCandidate(RepositoryConfigurationExtensionSupport.java:363) - Spring Data Redis - Could not safely identify store assignment for repository candidate interface com.wf2311.wakatime.sync.repository.DayLanguageRepository.
[21:36:09:945] [INFO] - org.springframework.data.repository.config.RepositoryConfigurationExtensionSupport.isStrictRepositoryCandidate(RepositoryConfigurationExtensionSupport.java:363) - Spring Data Redis - Could not safely identify store assignment for repository candidate interface com.wf2311.wakatime.sync.repository.DayOperateSystemRepository.
[21:36:09:946] [INFO] - org.springframework.data.repository.config.RepositoryConfigurationExtensionSupport.isStrictRepositoryCandidate(RepositoryConfigurationExtensionSupport.java:363) - Spring Data Redis - Could not safely identify store assignment for repository candidate interface com.wf2311.wakatime.sync.repository.DayProjectRepository.
[21:36:09:947] [INFO] - org.springframework.data.repository.config.RepositoryConfigurationExtensionSupport.isStrictRepositoryCandidate(RepositoryConfigurationExtensionSupport.java:363) - Spring Data Redis - Could not safely identify store assignment for repository candidate interface com.wf2311.wakatime.sync.repository.DurationRepository.
[21:36:09:948] [INFO] - org.springframework.data.repository.config.RepositoryConfigurationExtensionSupport.isStrictRepositoryCandidate(RepositoryConfigurationExtensionSupport.java:363) - Spring Data Redis - Could not safely identify store assignment for repository candidate interface com.wf2311.wakatime.sync.repository.HeartBeatRepository.
[21:36:09:948] [INFO] - org.springframework.data.repository.config.RepositoryConfigurationExtensionSupport.isStrictRepositoryCandidate(RepositoryConfigurationExtensionSupport.java:363) - Spring Data Redis - Could not safely identify store assignment for repository candidate interface com.wf2311.wakatime.sync.repository.ProjectDurationRepository.
[21:36:09:949] [INFO] - org.springframework.data.repository.config.RepositoryConfigurationExtensionSupport.isStrictRepositoryCandidate(RepositoryConfigurationExtensionSupport.java:363) - Spring Data Redis - Could not safely identify store assignment for repository candidate interface com.wf2311.wakatime.sync.repository.ProjectRepository.
[21:36:09:950] [INFO] - org.springframework.data.repository.config.RepositoryConfigurationExtensionSupport.isStrictRepositoryCandidate(RepositoryConfigurationExtensionSupport.java:363) - Spring Data Redis - Could not safely identify store assignment for repository candidate interface com.wf2311.wakatime.sync.repository.TimeRepository.
[21:36:09:950] [INFO] - org.springframework.data.repository.config.RepositoryConfigurationDelegate.registerRepositoriesIn(RepositoryConfigurationDelegate.java:182) - Finished Spring Data repository scanning in 33ms. Found 0 repository interfaces.
[21:36:10:316] [INFO] - org.springframework.context.support.PostProcessorRegistrationDelegate$BeanPostProcessorChecker.postProcessAfterInitialization(PostProcessorRegistrationDelegate.java:330) - Bean 'org.springframework.transaction.annotation.ProxyTransactionManagementConfiguration' of type [org.springframework.transaction.annotation.ProxyTransactionManagementConfiguration$$EnhancerBySpringCGLIB$$20c99aa7] is not eligible for getting processed by all BeanPostProcessors (for example: not eligible for auto-proxying)
[21:36:10:627] [INFO] - org.springframework.boot.web.embedded.tomcat.TomcatWebServer.initialize(TomcatWebServer.java:90) - Tomcat initialized with port(s): 3040 (http)
[21:36:10:744] [INFO] - org.apache.juli.logging.DirectJDKLog.log(DirectJDKLog.java:173) - Initializing ProtocolHandler ["http-nio-3040"]
[21:36:10:753] [INFO] - org.apache.juli.logging.DirectJDKLog.log(DirectJDKLog.java:173) - Starting service [Tomcat]
[21:36:10:754] [INFO] - org.apache.juli.logging.DirectJDKLog.log(DirectJDKLog.java:173) - Starting Servlet Engine: Apache Tomcat/9.0.13
[21:36:10:762] [INFO] - org.apache.juli.logging.DirectJDKLog.log(DirectJDKLog.java:173) - An older version [1.2.17] of the APR based Apache Tomcat Native library is installed, while Tomcat recommends a minimum version of [1.2.18]
[21:36:10:762] [INFO] - org.apache.juli.logging.DirectJDKLog.log(DirectJDKLog.java:173) - Loaded APR based Apache Tomcat Native library [1.2.17] using APR version [1.6.3].
[21:36:10:763] [INFO] - org.apache.juli.logging.DirectJDKLog.log(DirectJDKLog.java:173) - APR capabilities: IPv6 [true], sendfile [true], accept filters [false], random [true].
[21:36:10:763] [INFO] - org.apache.juli.logging.DirectJDKLog.log(DirectJDKLog.java:173) - APR/OpenSSL configuration: useAprConnector [false], useOpenSSL [true]
[21:36:11:832] [INFO] - org.apache.juli.logging.DirectJDKLog.log(DirectJDKLog.java:173) - OpenSSL successfully initialized [OpenSSL 1.0.2o  27 Mar 2018]
[21:36:12:022] [INFO] - org.apache.juli.logging.DirectJDKLog.log(DirectJDKLog.java:173) - Initializing Spring embedded WebApplicationContext
[21:36:12:022] [INFO] - org.springframework.boot.web.servlet.context.ServletWebServerApplicationContext.prepareWebApplicationContext(ServletWebServerApplicationContext.java:296) - Root WebApplicationContext: initialization completed in 2967 ms
[21:36:12:176] [INFO] - com.zaxxer.hikari.HikariDataSource.getConnection(HikariDataSource.java:110) - HikariPool-1 - Starting...
[21:36:13:300] [INFO] - com.zaxxer.hikari.HikariDataSource.getConnection(HikariDataSource.java:123) - HikariPool-1 - Start completed.
[21:36:13:374] [INFO] - org.hibernate.jpa.internal.util.LogHelper.logPersistenceUnitInformation(LogHelper.java:31) - HHH000204: Processing PersistenceUnitInfo [
	name: default
	...]
[21:36:13:467] [INFO] - org.hibernate.Version.logVersion(Version.java:46) - HHH000412: Hibernate Core {5.3.7.Final}
[21:36:13:469] [INFO] - org.hibernate.cfg.Environment.<clinit>(Environment.java:213) - HHH000206: hibernate.properties not found
[21:36:13:668] [INFO] - org.hibernate.annotations.common.reflection.java.JavaReflectionManager.<clinit>(JavaReflectionManager.java:49) - HCANN000001: Hibernate Commons Annotations {5.0.4.Final}
[21:36:13:876] [INFO] - org.hibernate.dialect.Dialect.<init>(Dialect.java:157) - HHH000400: Using dialect: org.hibernate.dialect.MySQL5Dialect
[21:36:14:708] [INFO] - org.springframework.orm.jpa.AbstractEntityManagerFactoryBean.buildNativeEntityManagerFactory(AbstractEntityManagerFactoryBean.java:415) - Initialized JPA EntityManagerFactory for persistence unit 'default'
[21:36:15:485] [INFO] - org.springframework.scheduling.concurrent.ExecutorConfigurationSupport.initialize(ExecutorConfigurationSupport.java:171) - Initializing ExecutorService 'applicationTaskExecutor'
[21:36:16:151] [INFO] - org.springframework.scheduling.concurrent.ExecutorConfigurationSupport.initialize(ExecutorConfigurationSupport.java:171) - Initializing ExecutorService 'taskScheduler'
[21:36:16:196] [INFO] - org.apache.juli.logging.DirectJDKLog.log(DirectJDKLog.java:173) - Starting ProtocolHandler ["http-nio-3040"]
[21:36:16:205] [INFO] - org.apache.juli.logging.DirectJDKLog.log(DirectJDKLog.java:173) - Using a shared selector for servlet write/read
[21:36:16:221] [INFO] - org.springframework.boot.web.embedded.tomcat.TomcatWebServer.start(TomcatWebServer.java:204) - Tomcat started on port(s): 3040 (http) with context path ''
[21:36:16:224] [INFO] - org.springframework.boot.StartupInfoLogger.logStarted(StartupInfoLogger.java:59) - Started WakatimeSyncApplication in 7.823 seconds (JVM running for 10.771)
[21:39:44:946] [INFO] - org.apache.juli.logging.DirectJDKLog.log(DirectJDKLog.java:173) - Initializing Spring DispatcherServlet 'dispatcherServlet'
[21:39:44:946] [INFO] - org.springframework.web.servlet.FrameworkServlet.initServletBean(FrameworkServlet.java:524) - Initializing Servlet 'dispatcherServlet'
[21:39:44:955] [INFO] - org.springframework.web.servlet.FrameworkServlet.initServletBean(FrameworkServlet.java:546) - Completed initialization in 9 ms
[21:40:41:075] [INFO] - org.springframework.boot.StartupInfoLogger.logStarting(StartupInfoLogger.java:50) - Starting WakatimeSyncApplication on DESKTOP-142GN2G with PID 852 (I:\wakatime\wf2311-wakatime-sync-master\wakatime-sync\target\classes started by 朱峰龙 in I:\wakatime\wf2311-wakatime-sync-master\wakatime-sync)
[21:40:41:082] [INFO] - org.springframework.boot.SpringApplication.logStartupProfileInfo(SpringApplication.java:675) - No active profile set, falling back to default profiles: default
[21:40:41:804] [INFO] - org.springframework.data.repository.config.RepositoryConfigurationDelegate.multipleStoresDetected(RepositoryConfigurationDelegate.java:244) - Multiple Spring Data modules found, entering strict repository configuration mode!
[21:40:41:805] [INFO] - org.springframework.data.repository.config.RepositoryConfigurationDelegate.registerRepositoriesIn(RepositoryConfigurationDelegate.java:126) - Bootstrapping Spring Data repositories in DEFAULT mode.
[21:40:41:943] [INFO] - org.springframework.data.repository.config.RepositoryConfigurationDelegate.registerRepositoriesIn(RepositoryConfigurationDelegate.java:182) - Finished Spring Data repository scanning in 131ms. Found 13 repository interfaces.
[21:40:41:958] [INFO] - org.springframework.data.repository.config.RepositoryConfigurationDelegate.multipleStoresDetected(RepositoryConfigurationDelegate.java:244) - Multiple Spring Data modules found, entering strict repository configuration mode!
[21:40:41:959] [INFO] - org.springframework.data.repository.config.RepositoryConfigurationDelegate.registerRepositoriesIn(RepositoryConfigurationDelegate.java:126) - Bootstrapping Spring Data repositories in DEFAULT mode.
[21:40:41:988] [INFO] - org.springframework.data.repository.config.RepositoryConfigurationExtensionSupport.isStrictRepositoryCandidate(RepositoryConfigurationExtensionSupport.java:363) - Spring Data Redis - Could not safely identify store assignment for repository candidate interface com.wf2311.wakatime.sync.repository.DayCategoryRepository.
[21:40:41:988] [INFO] - org.springframework.data.repository.config.RepositoryConfigurationExtensionSupport.isStrictRepositoryCandidate(RepositoryConfigurationExtensionSupport.java:363) - Spring Data Redis - Could not safely identify store assignment for repository candidate interface com.wf2311.wakatime.sync.repository.DayDependencyRepository.
[21:40:41:989] [INFO] - org.springframework.data.repository.config.RepositoryConfigurationExtensionSupport.isStrictRepositoryCandidate(RepositoryConfigurationExtensionSupport.java:363) - Spring Data Redis - Could not safely identify store assignment for repository candidate interface com.wf2311.wakatime.sync.repository.DayEditorRepository.
[21:40:41:989] [INFO] - org.springframework.data.repository.config.RepositoryConfigurationExtensionSupport.isStrictRepositoryCandidate(RepositoryConfigurationExtensionSupport.java:363) - Spring Data Redis - Could not safely identify store assignment for repository candidate interface com.wf2311.wakatime.sync.repository.DayEntityRepository.
[21:40:41:990] [INFO] - org.springframework.data.repository.config.RepositoryConfigurationExtensionSupport.isStrictRepositoryCandidate(RepositoryConfigurationExtensionSupport.java:363) - Spring Data Redis - Could not safely identify store assignment for repository candidate interface com.wf2311.wakatime.sync.repository.DayGrandTotalRepository.
[21:40:41:990] [INFO] - org.springframework.data.repository.config.RepositoryConfigurationExtensionSupport.isStrictRepositoryCandidate(RepositoryConfigurationExtensionSupport.java:363) - Spring Data Redis - Could not safely identify store assignment for repository candidate interface com.wf2311.wakatime.sync.repository.DayLanguageRepository.
[21:40:41:991] [INFO] - org.springframework.data.repository.config.RepositoryConfigurationExtensionSupport.isStrictRepositoryCandidate(RepositoryConfigurationExtensionSupport.java:363) - Spring Data Redis - Could not safely identify store assignment for repository candidate interface com.wf2311.wakatime.sync.repository.DayOperateSystemRepository.
[21:40:41:992] [INFO] - org.springframework.data.repository.config.RepositoryConfigurationExtensionSupport.isStrictRepositoryCandidate(RepositoryConfigurationExtensionSupport.java:363) - Spring Data Redis - Could not safely identify store assignment for repository candidate interface com.wf2311.wakatime.sync.repository.DayProjectRepository.
[21:40:41:992] [INFO] - org.springframework.data.repository.config.RepositoryConfigurationExtensionSupport.isStrictRepositoryCandidate(RepositoryConfigurationExtensionSupport.java:363) - Spring Data Redis - Could not safely identify store assignment for repository candidate interface com.wf2311.wakatime.sync.repository.DurationRepository.
[21:40:41:993] [INFO] - org.springframework.data.repository.config.RepositoryConfigurationExtensionSupport.isStrictRepositoryCandidate(RepositoryConfigurationExtensionSupport.java:363) - Spring Data Redis - Could not safely identify store assignment for repository candidate interface com.wf2311.wakatime.sync.repository.HeartBeatRepository.
[21:40:41:994] [INFO] - org.springframework.data.repository.config.RepositoryConfigurationExtensionSupport.isStrictRepositoryCandidate(RepositoryConfigurationExtensionSupport.java:363) - Spring Data Redis - Could not safely identify store assignment for repository candidate interface com.wf2311.wakatime.sync.repository.ProjectDurationRepository.
[21:40:41:994] [INFO] - org.springframework.data.repository.config.RepositoryConfigurationExtensionSupport.isStrictRepositoryCandidate(RepositoryConfigurationExtensionSupport.java:363) - Spring Data Redis - Could not safely identify store assignment for repository candidate interface com.wf2311.wakatime.sync.repository.ProjectRepository.
[21:40:41:995] [INFO] - org.springframework.data.repository.config.RepositoryConfigurationExtensionSupport.isStrictRepositoryCandidate(RepositoryConfigurationExtensionSupport.java:363) - Spring Data Redis - Could not safely identify store assignment for repository candidate interface com.wf2311.wakatime.sync.repository.TimeRepository.
[21:40:41:995] [INFO] - org.springframework.data.repository.config.RepositoryConfigurationDelegate.registerRepositoriesIn(RepositoryConfigurationDelegate.java:182) - Finished Spring Data repository scanning in 29ms. Found 0 repository interfaces.
[21:40:42:323] [INFO] - org.springframework.context.support.PostProcessorRegistrationDelegate$BeanPostProcessorChecker.postProcessAfterInitialization(PostProcessorRegistrationDelegate.java:330) - Bean 'org.springframework.transaction.annotation.ProxyTransactionManagementConfiguration' of type [org.springframework.transaction.annotation.ProxyTransactionManagementConfiguration$$EnhancerBySpringCGLIB$$d722f2bf] is not eligible for getting processed by all BeanPostProcessors (for example: not eligible for auto-proxying)
[21:40:42:623] [INFO] - org.springframework.boot.web.embedded.tomcat.TomcatWebServer.initialize(TomcatWebServer.java:90) - Tomcat initialized with port(s): 3040 (http)
[21:40:42:732] [INFO] - org.apache.juli.logging.DirectJDKLog.log(DirectJDKLog.java:173) - Initializing ProtocolHandler ["http-nio-3040"]
[21:40:42:742] [INFO] - org.apache.juli.logging.DirectJDKLog.log(DirectJDKLog.java:173) - Starting service [Tomcat]
[21:40:42:743] [INFO] - org.apache.juli.logging.DirectJDKLog.log(DirectJDKLog.java:173) - Starting Servlet Engine: Apache Tomcat/9.0.13
[21:40:42:752] [INFO] - org.apache.juli.logging.DirectJDKLog.log(DirectJDKLog.java:173) - An older version [1.2.17] of the APR based Apache Tomcat Native library is installed, while Tomcat recommends a minimum version of [1.2.18]
[21:40:42:752] [INFO] - org.apache.juli.logging.DirectJDKLog.log(DirectJDKLog.java:173) - Loaded APR based Apache Tomcat Native library [1.2.17] using APR version [1.6.3].
[21:40:42:752] [INFO] - org.apache.juli.logging.DirectJDKLog.log(DirectJDKLog.java:173) - APR capabilities: IPv6 [true], sendfile [true], accept filters [false], random [true].
[21:40:42:753] [INFO] - org.apache.juli.logging.DirectJDKLog.log(DirectJDKLog.java:173) - APR/OpenSSL configuration: useAprConnector [false], useOpenSSL [true]
[21:40:43:809] [INFO] - org.apache.juli.logging.DirectJDKLog.log(DirectJDKLog.java:173) - OpenSSL successfully initialized [OpenSSL 1.0.2o  27 Mar 2018]
[21:40:43:982] [INFO] - org.apache.juli.logging.DirectJDKLog.log(DirectJDKLog.java:173) - Initializing Spring embedded WebApplicationContext
[21:40:43:982] [INFO] - org.springframework.boot.web.servlet.context.ServletWebServerApplicationContext.prepareWebApplicationContext(ServletWebServerApplicationContext.java:296) - Root WebApplicationContext: initialization completed in 2858 ms
[21:40:44:119] [INFO] - com.zaxxer.hikari.HikariDataSource.getConnection(HikariDataSource.java:110) - HikariPool-1 - Starting...
[21:40:45:137] [INFO] - com.zaxxer.hikari.HikariDataSource.getConnection(HikariDataSource.java:123) - HikariPool-1 - Start completed.
[21:40:45:204] [INFO] - org.hibernate.jpa.internal.util.LogHelper.logPersistenceUnitInformation(LogHelper.java:31) - HHH000204: Processing PersistenceUnitInfo [
	name: default
	...]
[21:40:45:279] [INFO] - org.hibernate.Version.logVersion(Version.java:46) - HHH000412: Hibernate Core {5.3.7.Final}
[21:40:45:281] [INFO] - org.hibernate.cfg.Environment.<clinit>(Environment.java:213) - HHH000206: hibernate.properties not found
[21:40:45:434] [INFO] - org.hibernate.annotations.common.reflection.java.JavaReflectionManager.<clinit>(JavaReflectionManager.java:49) - HCANN000001: Hibernate Commons Annotations {5.0.4.Final}
[21:40:45:603] [INFO] - org.hibernate.dialect.Dialect.<init>(Dialect.java:157) - HHH000400: Using dialect: org.hibernate.dialect.MySQL5Dialect
[21:40:46:280] [INFO] - org.springframework.orm.jpa.AbstractEntityManagerFactoryBean.buildNativeEntityManagerFactory(AbstractEntityManagerFactoryBean.java:415) - Initialized JPA EntityManagerFactory for persistence unit 'default'
[21:40:46:919] [INFO] - org.springframework.scheduling.concurrent.ExecutorConfigurationSupport.initialize(ExecutorConfigurationSupport.java:171) - Initializing ExecutorService 'applicationTaskExecutor'
[21:40:47:494] [INFO] - org.springframework.scheduling.concurrent.ExecutorConfigurationSupport.initialize(ExecutorConfigurationSupport.java:171) - Initializing ExecutorService 'taskScheduler'
[21:40:47:542] [INFO] - org.apache.juli.logging.DirectJDKLog.log(DirectJDKLog.java:173) - Starting ProtocolHandler ["http-nio-3040"]
[21:40:47:552] [INFO] - org.apache.juli.logging.DirectJDKLog.log(DirectJDKLog.java:173) - Using a shared selector for servlet write/read
[21:40:47:569] [INFO] - org.springframework.boot.web.embedded.tomcat.TomcatWebServer.start(TomcatWebServer.java:204) - Tomcat started on port(s): 3040 (http) with context path ''
[21:40:47:571] [INFO] - org.springframework.boot.StartupInfoLogger.logStarted(StartupInfoLogger.java:59) - Started WakatimeSyncApplication in 7.135 seconds (JVM running for 9.32)
[21:40:55:115] [INFO] - org.apache.juli.logging.DirectJDKLog.log(DirectJDKLog.java:173) - Initializing Spring DispatcherServlet 'dispatcherServlet'
[21:40:55:115] [INFO] - org.springframework.web.servlet.FrameworkServlet.initServletBean(FrameworkServlet.java:524) - Initializing Servlet 'dispatcherServlet'
[21:40:55:122] [INFO] - org.springframework.web.servlet.FrameworkServlet.initServletBean(FrameworkServlet.java:546) - Completed initialization in 7 ms
[21:40:56:261] [INFO] - org.hibernate.hql.internal.QueryTranslatorFactoryInitiator.initiateService(QueryTranslatorFactoryInitiator.java:47) - HHH000397: Using ASTQueryTranslatorFactory
[21:46:20:789] [INFO] - org.springframework.boot.StartupInfoLogger.logStarting(StartupInfoLogger.java:50) - Starting WakatimeSyncApplication on DESKTOP-142GN2G with PID 4568 (I:\wakatime\wf2311-wakatime-sync-master\wakatime-sync\target\classes started by 朱峰龙 in I:\wakatime\wf2311-wakatime-sync-master\wakatime-sync)
[21:46:20:800] [INFO] - org.springframework.boot.SpringApplication.logStartupProfileInfo(SpringApplication.java:675) - No active profile set, falling back to default profiles: default
[21:46:21:533] [INFO] - org.springframework.data.repository.config.RepositoryConfigurationDelegate.multipleStoresDetected(RepositoryConfigurationDelegate.java:244) - Multiple Spring Data modules found, entering strict repository configuration mode!
[21:46:21:534] [INFO] - org.springframework.data.repository.config.RepositoryConfigurationDelegate.registerRepositoriesIn(RepositoryConfigurationDelegate.java:126) - Bootstrapping Spring Data repositories in DEFAULT mode.
[21:46:21:679] [INFO] - org.springframework.data.repository.config.RepositoryConfigurationDelegate.registerRepositoriesIn(RepositoryConfigurationDelegate.java:182) - Finished Spring Data repository scanning in 138ms. Found 13 repository interfaces.
[21:46:21:692] [INFO] - org.springframework.data.repository.config.RepositoryConfigurationDelegate.multipleStoresDetected(RepositoryConfigurationDelegate.java:244) - Multiple Spring Data modules found, entering strict repository configuration mode!
[21:46:21:693] [INFO] - org.springframework.data.repository.config.RepositoryConfigurationDelegate.registerRepositoriesIn(RepositoryConfigurationDelegate.java:126) - Bootstrapping Spring Data repositories in DEFAULT mode.
[21:46:21:723] [INFO] - org.springframework.data.repository.config.RepositoryConfigurationExtensionSupport.isStrictRepositoryCandidate(RepositoryConfigurationExtensionSupport.java:363) - Spring Data Redis - Could not safely identify store assignment for repository candidate interface com.wf2311.wakatime.sync.repository.DayCategoryRepository.
[21:46:21:724] [INFO] - org.springframework.data.repository.config.RepositoryConfigurationExtensionSupport.isStrictRepositoryCandidate(RepositoryConfigurationExtensionSupport.java:363) - Spring Data Redis - Could not safely identify store assignment for repository candidate interface com.wf2311.wakatime.sync.repository.DayDependencyRepository.
[21:46:21:725] [INFO] - org.springframework.data.repository.config.RepositoryConfigurationExtensionSupport.isStrictRepositoryCandidate(RepositoryConfigurationExtensionSupport.java:363) - Spring Data Redis - Could not safely identify store assignment for repository candidate interface com.wf2311.wakatime.sync.repository.DayEditorRepository.
[21:46:21:725] [INFO] - org.springframework.data.repository.config.RepositoryConfigurationExtensionSupport.isStrictRepositoryCandidate(RepositoryConfigurationExtensionSupport.java:363) - Spring Data Redis - Could not safely identify store assignment for repository candidate interface com.wf2311.wakatime.sync.repository.DayEntityRepository.
[21:46:21:725] [INFO] - org.springframework.data.repository.config.RepositoryConfigurationExtensionSupport.isStrictRepositoryCandidate(RepositoryConfigurationExtensionSupport.java:363) - Spring Data Redis - Could not safely identify store assignment for repository candidate interface com.wf2311.wakatime.sync.repository.DayGrandTotalRepository.
[21:46:21:726] [INFO] - org.springframework.data.repository.config.RepositoryConfigurationExtensionSupport.isStrictRepositoryCandidate(RepositoryConfigurationExtensionSupport.java:363) - Spring Data Redis - Could not safely identify store assignment for repository candidate interface com.wf2311.wakatime.sync.repository.DayLanguageRepository.
[21:46:21:727] [INFO] - org.springframework.data.repository.config.RepositoryConfigurationExtensionSupport.isStrictRepositoryCandidate(RepositoryConfigurationExtensionSupport.java:363) - Spring Data Redis - Could not safely identify store assignment for repository candidate interface com.wf2311.wakatime.sync.repository.DayOperateSystemRepository.
[21:46:21:727] [INFO] - org.springframework.data.repository.config.RepositoryConfigurationExtensionSupport.isStrictRepositoryCandidate(RepositoryConfigurationExtensionSupport.java:363) - Spring Data Redis - Could not safely identify store assignment for repository candidate interface com.wf2311.wakatime.sync.repository.DayProjectRepository.
[21:46:21:728] [INFO] - org.springframework.data.repository.config.RepositoryConfigurationExtensionSupport.isStrictRepositoryCandidate(RepositoryConfigurationExtensionSupport.java:363) - Spring Data Redis - Could not safely identify store assignment for repository candidate interface com.wf2311.wakatime.sync.repository.DurationRepository.
[21:46:21:729] [INFO] - org.springframework.data.repository.config.RepositoryConfigurationExtensionSupport.isStrictRepositoryCandidate(RepositoryConfigurationExtensionSupport.java:363) - Spring Data Redis - Could not safely identify store assignment for repository candidate interface com.wf2311.wakatime.sync.repository.HeartBeatRepository.
[21:46:21:730] [INFO] - org.springframework.data.repository.config.RepositoryConfigurationExtensionSupport.isStrictRepositoryCandidate(RepositoryConfigurationExtensionSupport.java:363) - Spring Data Redis - Could not safely identify store assignment for repository candidate interface com.wf2311.wakatime.sync.repository.ProjectDurationRepository.
[21:46:21:730] [INFO] - org.springframework.data.repository.config.RepositoryConfigurationExtensionSupport.isStrictRepositoryCandidate(RepositoryConfigurationExtensionSupport.java:363) - Spring Data Redis - Could not safely identify store assignment for repository candidate interface com.wf2311.wakatime.sync.repository.ProjectRepository.
[21:46:21:731] [INFO] - org.springframework.data.repository.config.RepositoryConfigurationExtensionSupport.isStrictRepositoryCandidate(RepositoryConfigurationExtensionSupport.java:363) - Spring Data Redis - Could not safely identify store assignment for repository candidate interface com.wf2311.wakatime.sync.repository.TimeRepository.
[21:46:21:731] [INFO] - org.springframework.data.repository.config.RepositoryConfigurationDelegate.registerRepositoriesIn(RepositoryConfigurationDelegate.java:182) - Finished Spring Data repository scanning in 30ms. Found 0 repository interfaces.
[21:46:22:071] [INFO] - org.springframework.context.support.PostProcessorRegistrationDelegate$BeanPostProcessorChecker.postProcessAfterInitialization(PostProcessorRegistrationDelegate.java:330) - Bean 'org.springframework.transaction.annotation.ProxyTransactionManagementConfiguration' of type [org.springframework.transaction.annotation.ProxyTransactionManagementConfiguration$$EnhancerBySpringCGLIB$$21633a79] is not eligible for getting processed by all BeanPostProcessors (for example: not eligible for auto-proxying)
[21:46:22:358] [INFO] - org.springframework.boot.web.embedded.tomcat.TomcatWebServer.initialize(TomcatWebServer.java:90) - Tomcat initialized with port(s): 3040 (http)
[21:46:22:476] [INFO] - org.apache.juli.logging.DirectJDKLog.log(DirectJDKLog.java:173) - Initializing ProtocolHandler ["http-nio-3040"]
[21:46:22:486] [INFO] - org.apache.juli.logging.DirectJDKLog.log(DirectJDKLog.java:173) - Starting service [Tomcat]
[21:46:22:487] [INFO] - org.apache.juli.logging.DirectJDKLog.log(DirectJDKLog.java:173) - Starting Servlet Engine: Apache Tomcat/9.0.13
[21:46:22:496] [INFO] - org.apache.juli.logging.DirectJDKLog.log(DirectJDKLog.java:173) - An older version [1.2.17] of the APR based Apache Tomcat Native library is installed, while Tomcat recommends a minimum version of [1.2.18]
[21:46:22:496] [INFO] - org.apache.juli.logging.DirectJDKLog.log(DirectJDKLog.java:173) - Loaded APR based Apache Tomcat Native library [1.2.17] using APR version [1.6.3].
[21:46:22:496] [INFO] - org.apache.juli.logging.DirectJDKLog.log(DirectJDKLog.java:173) - APR capabilities: IPv6 [true], sendfile [true], accept filters [false], random [true].
[21:46:22:497] [INFO] - org.apache.juli.logging.DirectJDKLog.log(DirectJDKLog.java:173) - APR/OpenSSL configuration: useAprConnector [false], useOpenSSL [true]
[21:46:23:572] [INFO] - org.apache.juli.logging.DirectJDKLog.log(DirectJDKLog.java:173) - OpenSSL successfully initialized [OpenSSL 1.0.2o  27 Mar 2018]
[21:46:23:741] [INFO] - org.apache.juli.logging.DirectJDKLog.log(DirectJDKLog.java:173) - Initializing Spring embedded WebApplicationContext
[21:46:23:742] [INFO] - org.springframework.boot.web.servlet.context.ServletWebServerApplicationContext.prepareWebApplicationContext(ServletWebServerApplicationContext.java:296) - Root WebApplicationContext: initialization completed in 2887 ms
[21:46:23:880] [INFO] - com.zaxxer.hikari.HikariDataSource.getConnection(HikariDataSource.java:110) - HikariPool-1 - Starting...
[21:46:24:847] [INFO] - com.zaxxer.hikari.HikariDataSource.getConnection(HikariDataSource.java:123) - HikariPool-1 - Start completed.
[21:46:24:912] [INFO] - org.hibernate.jpa.internal.util.LogHelper.logPersistenceUnitInformation(LogHelper.java:31) - HHH000204: Processing PersistenceUnitInfo [
	name: default
	...]
[21:46:24:976] [INFO] - org.hibernate.Version.logVersion(Version.java:46) - HHH000412: Hibernate Core {5.3.7.Final}
[21:46:24:977] [INFO] - org.hibernate.cfg.Environment.<clinit>(Environment.java:213) - HHH000206: hibernate.properties not found
[21:46:25:115] [INFO] - org.hibernate.annotations.common.reflection.java.JavaReflectionManager.<clinit>(JavaReflectionManager.java:49) - HCANN000001: Hibernate Commons Annotations {5.0.4.Final}
[21:46:25:279] [INFO] - org.hibernate.dialect.Dialect.<init>(Dialect.java:157) - HHH000400: Using dialect: org.hibernate.dialect.MySQL5Dialect
[21:46:25:984] [INFO] - org.springframework.orm.jpa.AbstractEntityManagerFactoryBean.buildNativeEntityManagerFactory(AbstractEntityManagerFactoryBean.java:415) - Initialized JPA EntityManagerFactory for persistence unit 'default'
[21:46:26:625] [INFO] - org.springframework.scheduling.concurrent.ExecutorConfigurationSupport.initialize(ExecutorConfigurationSupport.java:171) - Initializing ExecutorService 'applicationTaskExecutor'
[21:46:27:189] [INFO] - org.springframework.scheduling.concurrent.ExecutorConfigurationSupport.initialize(ExecutorConfigurationSupport.java:171) - Initializing ExecutorService 'taskScheduler'
[21:46:27:231] [INFO] - org.apache.juli.logging.DirectJDKLog.log(DirectJDKLog.java:173) - Starting ProtocolHandler ["http-nio-3040"]
[21:46:27:241] [INFO] - org.apache.juli.logging.DirectJDKLog.log(DirectJDKLog.java:173) - Using a shared selector for servlet write/read
[21:46:27:256] [INFO] - org.springframework.boot.web.embedded.tomcat.TomcatWebServer.start(TomcatWebServer.java:204) - Tomcat started on port(s): 3040 (http) with context path ''
[21:46:27:258] [INFO] - org.springframework.boot.StartupInfoLogger.logStarted(StartupInfoLogger.java:59) - Started WakatimeSyncApplication in 7.064 seconds (JVM running for 9.157)
[21:46:41:259] [INFO] - org.apache.juli.logging.DirectJDKLog.log(DirectJDKLog.java:173) - Initializing Spring DispatcherServlet 'dispatcherServlet'
[21:46:41:260] [INFO] - org.springframework.web.servlet.FrameworkServlet.initServletBean(FrameworkServlet.java:524) - Initializing Servlet 'dispatcherServlet'
[21:46:41:268] [INFO] - org.springframework.web.servlet.FrameworkServlet.initServletBean(FrameworkServlet.java:546) - Completed initialization in 8 ms
[21:46:42:078] [INFO] - org.hibernate.hql.internal.QueryTranslatorFactoryInitiator.initiateService(QueryTranslatorFactoryInitiator.java:47) - HHH000397: Using ASTQueryTranslatorFactory
[21:49:14:033] [INFO] - org.springframework.boot.StartupInfoLogger.logStarting(StartupInfoLogger.java:50) - Starting WakatimeSyncApplication on DESKTOP-142GN2G with PID 12392 (I:\wakatime\wf2311-wakatime-sync-master\wakatime-sync\target\classes started by 朱峰龙 in I:\wakatime\wf2311-wakatime-sync-master\wakatime-sync)
[21:49:14:040] [INFO] - org.springframework.boot.SpringApplication.logStartupProfileInfo(SpringApplication.java:675) - No active profile set, falling back to default profiles: default
[21:49:14:720] [INFO] - org.springframework.data.repository.config.RepositoryConfigurationDelegate.multipleStoresDetected(RepositoryConfigurationDelegate.java:244) - Multiple Spring Data modules found, entering strict repository configuration mode!
[21:49:14:721] [INFO] - org.springframework.data.repository.config.RepositoryConfigurationDelegate.registerRepositoriesIn(RepositoryConfigurationDelegate.java:126) - Bootstrapping Spring Data repositories in DEFAULT mode.
[21:49:14:867] [INFO] - org.springframework.data.repository.config.RepositoryConfigurationDelegate.registerRepositoriesIn(RepositoryConfigurationDelegate.java:182) - Finished Spring Data repository scanning in 138ms. Found 13 repository interfaces.
[21:49:14:880] [INFO] - org.springframework.data.repository.config.RepositoryConfigurationDelegate.multipleStoresDetected(RepositoryConfigurationDelegate.java:244) - Multiple Spring Data modules found, entering strict repository configuration mode!
[21:49:14:881] [INFO] - org.springframework.data.repository.config.RepositoryConfigurationDelegate.registerRepositoriesIn(RepositoryConfigurationDelegate.java:126) - Bootstrapping Spring Data repositories in DEFAULT mode.
[21:49:14:914] [INFO] - org.springframework.data.repository.config.RepositoryConfigurationExtensionSupport.isStrictRepositoryCandidate(RepositoryConfigurationExtensionSupport.java:363) - Spring Data Redis - Could not safely identify store assignment for repository candidate interface com.wf2311.wakatime.sync.repository.DayCategoryRepository.
[21:49:14:915] [INFO] - org.springframework.data.repository.config.RepositoryConfigurationExtensionSupport.isStrictRepositoryCandidate(RepositoryConfigurationExtensionSupport.java:363) - Spring Data Redis - Could not safely identify store assignment for repository candidate interface com.wf2311.wakatime.sync.repository.DayDependencyRepository.
[21:49:14:916] [INFO] - org.springframework.data.repository.config.RepositoryConfigurationExtensionSupport.isStrictRepositoryCandidate(RepositoryConfigurationExtensionSupport.java:363) - Spring Data Redis - Could not safely identify store assignment for repository candidate interface com.wf2311.wakatime.sync.repository.DayEditorRepository.
[21:49:14:917] [INFO] - org.springframework.data.repository.config.RepositoryConfigurationExtensionSupport.isStrictRepositoryCandidate(RepositoryConfigurationExtensionSupport.java:363) - Spring Data Redis - Could not safely identify store assignment for repository candidate interface com.wf2311.wakatime.sync.repository.DayEntityRepository.
[21:49:14:917] [INFO] - org.springframework.data.repository.config.RepositoryConfigurationExtensionSupport.isStrictRepositoryCandidate(RepositoryConfigurationExtensionSupport.java:363) - Spring Data Redis - Could not safely identify store assignment for repository candidate interface com.wf2311.wakatime.sync.repository.DayGrandTotalRepository.
[21:49:14:918] [INFO] - org.springframework.data.repository.config.RepositoryConfigurationExtensionSupport.isStrictRepositoryCandidate(RepositoryConfigurationExtensionSupport.java:363) - Spring Data Redis - Could not safely identify store assignment for repository candidate interface com.wf2311.wakatime.sync.repository.DayLanguageRepository.
[21:49:14:919] [INFO] - org.springframework.data.repository.config.RepositoryConfigurationExtensionSupport.isStrictRepositoryCandidate(RepositoryConfigurationExtensionSupport.java:363) - Spring Data Redis - Could not safely identify store assignment for repository candidate interface com.wf2311.wakatime.sync.repository.DayOperateSystemRepository.
[21:49:14:920] [INFO] - org.springframework.data.repository.config.RepositoryConfigurationExtensionSupport.isStrictRepositoryCandidate(RepositoryConfigurationExtensionSupport.java:363) - Spring Data Redis - Could not safely identify store assignment for repository candidate interface com.wf2311.wakatime.sync.repository.DayProjectRepository.
[21:49:14:921] [INFO] - org.springframework.data.repository.config.RepositoryConfigurationExtensionSupport.isStrictRepositoryCandidate(RepositoryConfigurationExtensionSupport.java:363) - Spring Data Redis - Could not safely identify store assignment for repository candidate interface com.wf2311.wakatime.sync.repository.DurationRepository.
[21:49:14:922] [INFO] - org.springframework.data.repository.config.RepositoryConfigurationExtensionSupport.isStrictRepositoryCandidate(RepositoryConfigurationExtensionSupport.java:363) - Spring Data Redis - Could not safely identify store assignment for repository candidate interface com.wf2311.wakatime.sync.repository.HeartBeatRepository.
[21:49:14:923] [INFO] - org.springframework.data.repository.config.RepositoryConfigurationExtensionSupport.isStrictRepositoryCandidate(RepositoryConfigurationExtensionSupport.java:363) - Spring Data Redis - Could not safely identify store assignment for repository candidate interface com.wf2311.wakatime.sync.repository.ProjectDurationRepository.
[21:49:14:925] [INFO] - org.springframework.data.repository.config.RepositoryConfigurationExtensionSupport.isStrictRepositoryCandidate(RepositoryConfigurationExtensionSupport.java:363) - Spring Data Redis - Could not safely identify store assignment for repository candidate interface com.wf2311.wakatime.sync.repository.ProjectRepository.
[21:49:14:926] [INFO] - org.springframework.data.repository.config.RepositoryConfigurationExtensionSupport.isStrictRepositoryCandidate(RepositoryConfigurationExtensionSupport.java:363) - Spring Data Redis - Could not safely identify store assignment for repository candidate interface com.wf2311.wakatime.sync.repository.TimeRepository.
[21:49:14:927] [INFO] - org.springframework.data.repository.config.RepositoryConfigurationDelegate.registerRepositoriesIn(RepositoryConfigurationDelegate.java:182) - Finished Spring Data repository scanning in 36ms. Found 0 repository interfaces.
[21:49:15:299] [INFO] - org.springframework.context.support.PostProcessorRegistrationDelegate$BeanPostProcessorChecker.postProcessAfterInitialization(PostProcessorRegistrationDelegate.java:330) - Bean 'org.springframework.transaction.annotation.ProxyTransactionManagementConfiguration' of type [org.springframework.transaction.annotation.ProxyTransactionManagementConfiguration$$EnhancerBySpringCGLIB$$8893913b] is not eligible for getting processed by all BeanPostProcessors (for example: not eligible for auto-proxying)
[21:49:15:609] [INFO] - org.springframework.boot.web.embedded.tomcat.TomcatWebServer.initialize(TomcatWebServer.java:90) - Tomcat initialized with port(s): 3040 (http)
[21:49:15:718] [INFO] - org.apache.juli.logging.DirectJDKLog.log(DirectJDKLog.java:173) - Initializing ProtocolHandler ["http-nio-3040"]
[21:49:15:727] [INFO] - org.apache.juli.logging.DirectJDKLog.log(DirectJDKLog.java:173) - Starting service [Tomcat]
[21:49:15:728] [INFO] - org.apache.juli.logging.DirectJDKLog.log(DirectJDKLog.java:173) - Starting Servlet Engine: Apache Tomcat/9.0.13
[21:49:15:735] [INFO] - org.apache.juli.logging.DirectJDKLog.log(DirectJDKLog.java:173) - An older version [1.2.17] of the APR based Apache Tomcat Native library is installed, while Tomcat recommends a minimum version of [1.2.18]
[21:49:15:736] [INFO] - org.apache.juli.logging.DirectJDKLog.log(DirectJDKLog.java:173) - Loaded APR based Apache Tomcat Native library [1.2.17] using APR version [1.6.3].
[21:49:15:736] [INFO] - org.apache.juli.logging.DirectJDKLog.log(DirectJDKLog.java:173) - APR capabilities: IPv6 [true], sendfile [true], accept filters [false], random [true].
[21:49:15:737] [INFO] - org.apache.juli.logging.DirectJDKLog.log(DirectJDKLog.java:173) - APR/OpenSSL configuration: useAprConnector [false], useOpenSSL [true]
[21:49:16:788] [INFO] - org.apache.juli.logging.DirectJDKLog.log(DirectJDKLog.java:173) - OpenSSL successfully initialized [OpenSSL 1.0.2o  27 Mar 2018]
[21:49:16:961] [INFO] - org.apache.juli.logging.DirectJDKLog.log(DirectJDKLog.java:173) - Initializing Spring embedded WebApplicationContext
[21:49:16:962] [INFO] - org.springframework.boot.web.servlet.context.ServletWebServerApplicationContext.prepareWebApplicationContext(ServletWebServerApplicationContext.java:296) - Root WebApplicationContext: initialization completed in 2882 ms
[21:49:17:102] [INFO] - com.zaxxer.hikari.HikariDataSource.getConnection(HikariDataSource.java:110) - HikariPool-1 - Starting...
[21:49:18:128] [INFO] - com.zaxxer.hikari.HikariDataSource.getConnection(HikariDataSource.java:123) - HikariPool-1 - Start completed.
[21:49:18:196] [INFO] - org.hibernate.jpa.internal.util.LogHelper.logPersistenceUnitInformation(LogHelper.java:31) - HHH000204: Processing PersistenceUnitInfo [
	name: default
	...]
[21:49:18:268] [INFO] - org.hibernate.Version.logVersion(Version.java:46) - HHH000412: Hibernate Core {5.3.7.Final}
[21:49:18:270] [INFO] - org.hibernate.cfg.Environment.<clinit>(Environment.java:213) - HHH000206: hibernate.properties not found
[21:49:18:406] [INFO] - org.hibernate.annotations.common.reflection.java.JavaReflectionManager.<clinit>(JavaReflectionManager.java:49) - HCANN000001: Hibernate Commons Annotations {5.0.4.Final}
[21:49:18:590] [INFO] - org.hibernate.dialect.Dialect.<init>(Dialect.java:157) - HHH000400: Using dialect: org.hibernate.dialect.MySQL5Dialect
[21:49:19:281] [INFO] - org.springframework.orm.jpa.AbstractEntityManagerFactoryBean.buildNativeEntityManagerFactory(AbstractEntityManagerFactoryBean.java:415) - Initialized JPA EntityManagerFactory for persistence unit 'default'
[21:49:19:961] [INFO] - org.springframework.scheduling.concurrent.ExecutorConfigurationSupport.initialize(ExecutorConfigurationSupport.java:171) - Initializing ExecutorService 'applicationTaskExecutor'
[21:49:20:527] [INFO] - org.springframework.scheduling.concurrent.ExecutorConfigurationSupport.initialize(ExecutorConfigurationSupport.java:171) - Initializing ExecutorService 'taskScheduler'
[21:49:20:569] [INFO] - org.apache.juli.logging.DirectJDKLog.log(DirectJDKLog.java:173) - Starting ProtocolHandler ["http-nio-3040"]
[21:49:20:579] [INFO] - org.apache.juli.logging.DirectJDKLog.log(DirectJDKLog.java:173) - Using a shared selector for servlet write/read
[21:49:20:595] [INFO] - org.springframework.boot.web.embedded.tomcat.TomcatWebServer.start(TomcatWebServer.java:204) - Tomcat started on port(s): 3040 (http) with context path ''
[21:49:20:597] [INFO] - org.springframework.boot.StartupInfoLogger.logStarted(StartupInfoLogger.java:59) - Started WakatimeSyncApplication in 7.171 seconds (JVM running for 9.097)
[21:49:32:768] [INFO] - org.apache.juli.logging.DirectJDKLog.log(DirectJDKLog.java:173) - Initializing Spring DispatcherServlet 'dispatcherServlet'
[21:49:32:768] [INFO] - org.springframework.web.servlet.FrameworkServlet.initServletBean(FrameworkServlet.java:524) - Initializing Servlet 'dispatcherServlet'
[21:49:32:775] [INFO] - org.springframework.web.servlet.FrameworkServlet.initServletBean(FrameworkServlet.java:546) - Completed initialization in 7 ms
[21:49:35:058] [INFO] - org.hibernate.hql.internal.QueryTranslatorFactoryInitiator.initiateService(QueryTranslatorFactoryInitiator.java:47) - HHH000397: Using ASTQueryTranslatorFactory
