[12:46:53:981] [INFO] - org.springframework.boot.StartupInfoLogger.logStarting(StartupInfoLogger.java:50) - Starting WakatimeSyncApplication on DESKTOP-142GN2G with PID 13452 (I:\wakatime\wf2311-wakatime-sync-master\wakatime-sync\target\classes started by 朱峰龙 in I:\wakatime\wf2311-wakatime-sync-master\wakatime-sync)
[12:46:53:994] [INFO] - org.springframework.boot.SpringApplication.logStartupProfileInfo(SpringApplication.java:675) - No active profile set, falling back to default profiles: default
[12:46:54:684] [INFO] - org.springframework.data.repository.config.RepositoryConfigurationDelegate.multipleStoresDetected(RepositoryConfigurationDelegate.java:244) - Multiple Spring Data modules found, entering strict repository configuration mode!
[12:46:54:685] [INFO] - org.springframework.data.repository.config.RepositoryConfigurationDelegate.registerRepositoriesIn(RepositoryConfigurationDelegate.java:126) - Bootstrapping Spring Data repositories in DEFAULT mode.
[12:46:54:836] [INFO] - org.springframework.data.repository.config.RepositoryConfigurationDelegate.registerRepositoriesIn(RepositoryConfigurationDelegate.java:182) - Finished Spring Data repository scanning in 142ms. Found 13 repository interfaces.
[12:46:54:847] [INFO] - org.springframework.data.repository.config.RepositoryConfigurationDelegate.multipleStoresDetected(RepositoryConfigurationDelegate.java:244) - Multiple Spring Data modules found, entering strict repository configuration mode!
[12:46:54:848] [INFO] - org.springframework.data.repository.config.RepositoryConfigurationDelegate.registerRepositoriesIn(RepositoryConfigurationDelegate.java:126) - Bootstrapping Spring Data repositories in DEFAULT mode.
[12:46:54:880] [INFO] - org.springframework.data.repository.config.RepositoryConfigurationExtensionSupport.isStrictRepositoryCandidate(RepositoryConfigurationExtensionSupport.java:363) - Spring Data Redis - Could not safely identify store assignment for repository candidate interface com.wf2311.wakatime.sync.repository.DayCategoryRepository.
[12:46:54:881] [INFO] - org.springframework.data.repository.config.RepositoryConfigurationExtensionSupport.isStrictRepositoryCandidate(RepositoryConfigurationExtensionSupport.java:363) - Spring Data Redis - Could not safely identify store assignment for repository candidate interface com.wf2311.wakatime.sync.repository.DayDependencyRepository.
[12:46:54:881] [INFO] - org.springframework.data.repository.config.RepositoryConfigurationExtensionSupport.isStrictRepositoryCandidate(RepositoryConfigurationExtensionSupport.java:363) - Spring Data Redis - Could not safely identify store assignment for repository candidate interface com.wf2311.wakatime.sync.repository.DayEditorRepository.
[12:46:54:882] [INFO] - org.springframework.data.repository.config.RepositoryConfigurationExtensionSupport.isStrictRepositoryCandidate(RepositoryConfigurationExtensionSupport.java:363) - Spring Data Redis - Could not safely identify store assignment for repository candidate interface com.wf2311.wakatime.sync.repository.DayEntityRepository.
[12:46:54:882] [INFO] - org.springframework.data.repository.config.RepositoryConfigurationExtensionSupport.isStrictRepositoryCandidate(RepositoryConfigurationExtensionSupport.java:363) - Spring Data Redis - Could not safely identify store assignment for repository candidate interface com.wf2311.wakatime.sync.repository.DayGrandTotalRepository.
[12:46:54:882] [INFO] - org.springframework.data.repository.config.RepositoryConfigurationExtensionSupport.isStrictRepositoryCandidate(RepositoryConfigurationExtensionSupport.java:363) - Spring Data Redis - Could not safely identify store assignment for repository candidate interface com.wf2311.wakatime.sync.repository.DayLanguageRepository.
[12:46:54:883] [INFO] - org.springframework.data.repository.config.RepositoryConfigurationExtensionSupport.isStrictRepositoryCandidate(RepositoryConfigurationExtensionSupport.java:363) - Spring Data Redis - Could not safely identify store assignment for repository candidate interface com.wf2311.wakatime.sync.repository.DayOperateSystemRepository.
[12:46:54:884] [INFO] - org.springframework.data.repository.config.RepositoryConfigurationExtensionSupport.isStrictRepositoryCandidate(RepositoryConfigurationExtensionSupport.java:363) - Spring Data Redis - Could not safely identify store assignment for repository candidate interface com.wf2311.wakatime.sync.repository.DayProjectRepository.
[12:46:54:884] [INFO] - org.springframework.data.repository.config.RepositoryConfigurationExtensionSupport.isStrictRepositoryCandidate(RepositoryConfigurationExtensionSupport.java:363) - Spring Data Redis - Could not safely identify store assignment for repository candidate interface com.wf2311.wakatime.sync.repository.DurationRepository.
[12:46:54:884] [INFO] - org.springframework.data.repository.config.RepositoryConfigurationExtensionSupport.isStrictRepositoryCandidate(RepositoryConfigurationExtensionSupport.java:363) - Spring Data Redis - Could not safely identify store assignment for repository candidate interface com.wf2311.wakatime.sync.repository.HeartBeatRepository.
[12:46:54:885] [INFO] - org.springframework.data.repository.config.RepositoryConfigurationExtensionSupport.isStrictRepositoryCandidate(RepositoryConfigurationExtensionSupport.java:363) - Spring Data Redis - Could not safely identify store assignment for repository candidate interface com.wf2311.wakatime.sync.repository.ProjectDurationRepository.
[12:46:54:886] [INFO] - org.springframework.data.repository.config.RepositoryConfigurationExtensionSupport.isStrictRepositoryCandidate(RepositoryConfigurationExtensionSupport.java:363) - Spring Data Redis - Could not safely identify store assignment for repository candidate interface com.wf2311.wakatime.sync.repository.ProjectRepository.
[12:46:54:887] [INFO] - org.springframework.data.repository.config.RepositoryConfigurationExtensionSupport.isStrictRepositoryCandidate(RepositoryConfigurationExtensionSupport.java:363) - Spring Data Redis - Could not safely identify store assignment for repository candidate interface com.wf2311.wakatime.sync.repository.TimeRepository.
[12:46:54:887] [INFO] - org.springframework.data.repository.config.RepositoryConfigurationDelegate.registerRepositoriesIn(RepositoryConfigurationDelegate.java:182) - Finished Spring Data repository scanning in 30ms. Found 0 repository interfaces.
[12:46:55:264] [INFO] - org.springframework.context.support.PostProcessorRegistrationDelegate$BeanPostProcessorChecker.postProcessAfterInitialization(PostProcessorRegistrationDelegate.java:330) - Bean 'org.springframework.transaction.annotation.ProxyTransactionManagementConfiguration' of type [org.springframework.transaction.annotation.ProxyTransactionManagementConfiguration$$EnhancerBySpringCGLIB$$c43ff124] is not eligible for getting processed by all BeanPostProcessors (for example: not eligible for auto-proxying)
[12:46:55:629] [INFO] - org.springframework.boot.web.embedded.tomcat.TomcatWebServer.initialize(TomcatWebServer.java:90) - Tomcat initialized with port(s): 3040 (http)
[12:46:55:643] [INFO] - org.apache.juli.logging.DirectJDKLog.log(DirectJDKLog.java:173) - Initializing ProtocolHandler ["http-nio-3040"]
[12:46:55:653] [INFO] - org.apache.juli.logging.DirectJDKLog.log(DirectJDKLog.java:173) - Starting service [Tomcat]
[12:46:55:654] [INFO] - org.apache.juli.logging.DirectJDKLog.log(DirectJDKLog.java:173) - Starting Servlet Engine: Apache Tomcat/9.0.13
[12:46:55:760] [INFO] - org.apache.juli.logging.DirectJDKLog.log(DirectJDKLog.java:173) - An older version [1.2.17] of the APR based Apache Tomcat Native library is installed, while Tomcat recommends a minimum version of [1.2.18]
[12:46:55:760] [INFO] - org.apache.juli.logging.DirectJDKLog.log(DirectJDKLog.java:173) - Loaded APR based Apache Tomcat Native library [1.2.17] using APR version [1.6.3].
[12:46:55:761] [INFO] - org.apache.juli.logging.DirectJDKLog.log(DirectJDKLog.java:173) - APR capabilities: IPv6 [true], sendfile [true], accept filters [false], random [true].
[12:46:55:761] [INFO] - org.apache.juli.logging.DirectJDKLog.log(DirectJDKLog.java:173) - APR/OpenSSL configuration: useAprConnector [false], useOpenSSL [true]
[12:46:56:854] [INFO] - org.apache.juli.logging.DirectJDKLog.log(DirectJDKLog.java:173) - OpenSSL successfully initialized [OpenSSL 1.0.2o  27 Mar 2018]
[12:46:57:006] [INFO] - org.apache.juli.logging.DirectJDKLog.log(DirectJDKLog.java:173) - Initializing Spring embedded WebApplicationContext
[12:46:57:007] [INFO] - org.springframework.boot.web.servlet.context.ServletWebServerApplicationContext.prepareWebApplicationContext(ServletWebServerApplicationContext.java:296) - Root WebApplicationContext: initialization completed in 2976 ms
[12:46:57:157] [INFO] - com.zaxxer.hikari.HikariDataSource.getConnection(HikariDataSource.java:110) - HikariPool-1 - Starting...
[12:46:58:213] [INFO] - com.zaxxer.hikari.HikariDataSource.getConnection(HikariDataSource.java:123) - HikariPool-1 - Start completed.
[12:46:58:281] [INFO] - org.hibernate.jpa.internal.util.LogHelper.logPersistenceUnitInformation(LogHelper.java:31) - HHH000204: Processing PersistenceUnitInfo [
	name: default
	...]
[12:46:58:354] [INFO] - org.hibernate.Version.logVersion(Version.java:46) - HHH000412: Hibernate Core {5.3.7.Final}
[12:46:58:356] [INFO] - org.hibernate.cfg.Environment.<clinit>(Environment.java:213) - HHH000206: hibernate.properties not found
[12:46:58:506] [INFO] - org.hibernate.annotations.common.reflection.java.JavaReflectionManager.<clinit>(JavaReflectionManager.java:49) - HCANN000001: Hibernate Commons Annotations {5.0.4.Final}
[12:46:58:679] [INFO] - org.hibernate.dialect.Dialect.<init>(Dialect.java:157) - HHH000400: Using dialect: org.hibernate.dialect.MySQL5Dialect
[12:46:59:452] [INFO] - org.springframework.orm.jpa.AbstractEntityManagerFactoryBean.buildNativeEntityManagerFactory(AbstractEntityManagerFactoryBean.java:415) - Initialized JPA EntityManagerFactory for persistence unit 'default'
[12:47:00:198] [INFO] - org.springframework.scheduling.concurrent.ExecutorConfigurationSupport.initialize(ExecutorConfigurationSupport.java:171) - Initializing ExecutorService 'applicationTaskExecutor'
[12:47:00:630] [INFO] - org.springframework.scheduling.concurrent.ExecutorConfigurationSupport.shutdown(ExecutorConfigurationSupport.java:208) - Shutting down ExecutorService 'applicationTaskExecutor'
[12:47:00:632] [INFO] - org.springframework.orm.jpa.AbstractEntityManagerFactoryBean.destroy(AbstractEntityManagerFactoryBean.java:597) - Closing JPA EntityManagerFactory for persistence unit 'default'
[12:47:00:634] [INFO] - com.zaxxer.hikari.HikariDataSource.close(HikariDataSource.java:350) - HikariPool-1 - Shutdown initiated...
[12:47:00:651] [INFO] - com.zaxxer.hikari.HikariDataSource.close(HikariDataSource.java:352) - HikariPool-1 - Shutdown completed.
[12:47:00:653] [INFO] - org.apache.juli.logging.DirectJDKLog.log(DirectJDKLog.java:173) - Stopping service [Tomcat]
[12:47:00:664] [INFO] - org.springframework.boot.autoconfigure.logging.ConditionEvaluationReportLoggingListener.logMessage(ConditionEvaluationReportLoggingListener.java:142) - 

Error starting ApplicationContext. To display the conditions report re-run your application with 'debug' enabled.
[12:59:43:551] [INFO] - org.springframework.boot.StartupInfoLogger.logStarting(StartupInfoLogger.java:50) - Starting WakatimeSyncApplication on DESKTOP-142GN2G with PID 13224 (I:\wakatime\wf2311-wakatime-sync-master\wakatime-sync\target\classes started by 朱峰龙 in I:\wakatime\wf2311-wakatime-sync-master\wakatime-sync)
[12:59:43:558] [INFO] - org.springframework.boot.SpringApplication.logStartupProfileInfo(SpringApplication.java:675) - No active profile set, falling back to default profiles: default
[12:59:44:277] [INFO] - org.springframework.data.repository.config.RepositoryConfigurationDelegate.multipleStoresDetected(RepositoryConfigurationDelegate.java:244) - Multiple Spring Data modules found, entering strict repository configuration mode!
[12:59:44:278] [INFO] - org.springframework.data.repository.config.RepositoryConfigurationDelegate.registerRepositoriesIn(RepositoryConfigurationDelegate.java:126) - Bootstrapping Spring Data repositories in DEFAULT mode.
[12:59:44:432] [INFO] - org.springframework.data.repository.config.RepositoryConfigurationDelegate.registerRepositoriesIn(RepositoryConfigurationDelegate.java:182) - Finished Spring Data repository scanning in 148ms. Found 13 repository interfaces.
[12:59:44:447] [INFO] - org.springframework.data.repository.config.RepositoryConfigurationDelegate.multipleStoresDetected(RepositoryConfigurationDelegate.java:244) - Multiple Spring Data modules found, entering strict repository configuration mode!
[12:59:44:449] [INFO] - org.springframework.data.repository.config.RepositoryConfigurationDelegate.registerRepositoriesIn(RepositoryConfigurationDelegate.java:126) - Bootstrapping Spring Data repositories in DEFAULT mode.
[12:59:44:487] [INFO] - org.springframework.data.repository.config.RepositoryConfigurationExtensionSupport.isStrictRepositoryCandidate(RepositoryConfigurationExtensionSupport.java:363) - Spring Data Redis - Could not safely identify store assignment for repository candidate interface com.wf2311.wakatime.sync.repository.DayCategoryRepository.
[12:59:44:488] [INFO] - org.springframework.data.repository.config.RepositoryConfigurationExtensionSupport.isStrictRepositoryCandidate(RepositoryConfigurationExtensionSupport.java:363) - Spring Data Redis - Could not safely identify store assignment for repository candidate interface com.wf2311.wakatime.sync.repository.DayDependencyRepository.
[12:59:44:488] [INFO] - org.springframework.data.repository.config.RepositoryConfigurationExtensionSupport.isStrictRepositoryCandidate(RepositoryConfigurationExtensionSupport.java:363) - Spring Data Redis - Could not safely identify store assignment for repository candidate interface com.wf2311.wakatime.sync.repository.DayEditorRepository.
[12:59:44:489] [INFO] - org.springframework.data.repository.config.RepositoryConfigurationExtensionSupport.isStrictRepositoryCandidate(RepositoryConfigurationExtensionSupport.java:363) - Spring Data Redis - Could not safely identify store assignment for repository candidate interface com.wf2311.wakatime.sync.repository.DayEntityRepository.
[12:59:44:490] [INFO] - org.springframework.data.repository.config.RepositoryConfigurationExtensionSupport.isStrictRepositoryCandidate(RepositoryConfigurationExtensionSupport.java:363) - Spring Data Redis - Could not safely identify store assignment for repository candidate interface com.wf2311.wakatime.sync.repository.DayGrandTotalRepository.
[12:59:44:491] [INFO] - org.springframework.data.repository.config.RepositoryConfigurationExtensionSupport.isStrictRepositoryCandidate(RepositoryConfigurationExtensionSupport.java:363) - Spring Data Redis - Could not safely identify store assignment for repository candidate interface com.wf2311.wakatime.sync.repository.DayLanguageRepository.
[12:59:44:492] [INFO] - org.springframework.data.repository.config.RepositoryConfigurationExtensionSupport.isStrictRepositoryCandidate(RepositoryConfigurationExtensionSupport.java:363) - Spring Data Redis - Could not safely identify store assignment for repository candidate interface com.wf2311.wakatime.sync.repository.DayOperateSystemRepository.
[12:59:44:492] [INFO] - org.springframework.data.repository.config.RepositoryConfigurationExtensionSupport.isStrictRepositoryCandidate(RepositoryConfigurationExtensionSupport.java:363) - Spring Data Redis - Could not safely identify store assignment for repository candidate interface com.wf2311.wakatime.sync.repository.DayProjectRepository.
[12:59:44:493] [INFO] - org.springframework.data.repository.config.RepositoryConfigurationExtensionSupport.isStrictRepositoryCandidate(RepositoryConfigurationExtensionSupport.java:363) - Spring Data Redis - Could not safely identify store assignment for repository candidate interface com.wf2311.wakatime.sync.repository.DurationRepository.
[12:59:44:493] [INFO] - org.springframework.data.repository.config.RepositoryConfigurationExtensionSupport.isStrictRepositoryCandidate(RepositoryConfigurationExtensionSupport.java:363) - Spring Data Redis - Could not safely identify store assignment for repository candidate interface com.wf2311.wakatime.sync.repository.HeartBeatRepository.
[12:59:44:494] [INFO] - org.springframework.data.repository.config.RepositoryConfigurationExtensionSupport.isStrictRepositoryCandidate(RepositoryConfigurationExtensionSupport.java:363) - Spring Data Redis - Could not safely identify store assignment for repository candidate interface com.wf2311.wakatime.sync.repository.ProjectDurationRepository.
[12:59:44:494] [INFO] - org.springframework.data.repository.config.RepositoryConfigurationExtensionSupport.isStrictRepositoryCandidate(RepositoryConfigurationExtensionSupport.java:363) - Spring Data Redis - Could not safely identify store assignment for repository candidate interface com.wf2311.wakatime.sync.repository.ProjectRepository.
[12:59:44:495] [INFO] - org.springframework.data.repository.config.RepositoryConfigurationExtensionSupport.isStrictRepositoryCandidate(RepositoryConfigurationExtensionSupport.java:363) - Spring Data Redis - Could not safely identify store assignment for repository candidate interface com.wf2311.wakatime.sync.repository.TimeRepository.
[12:59:44:495] [INFO] - org.springframework.data.repository.config.RepositoryConfigurationDelegate.registerRepositoriesIn(RepositoryConfigurationDelegate.java:182) - Finished Spring Data repository scanning in 37ms. Found 0 repository interfaces.
[12:59:44:846] [INFO] - org.springframework.context.support.PostProcessorRegistrationDelegate$BeanPostProcessorChecker.postProcessAfterInitialization(PostProcessorRegistrationDelegate.java:330) - Bean 'org.springframework.transaction.annotation.ProxyTransactionManagementConfiguration' of type [org.springframework.transaction.annotation.ProxyTransactionManagementConfiguration$$EnhancerBySpringCGLIB$$205826cf] is not eligible for getting processed by all BeanPostProcessors (for example: not eligible for auto-proxying)
[12:59:45:163] [INFO] - org.springframework.boot.web.embedded.tomcat.TomcatWebServer.initialize(TomcatWebServer.java:90) - Tomcat initialized with port(s): 3040 (http)
[12:59:45:269] [INFO] - org.apache.juli.logging.DirectJDKLog.log(DirectJDKLog.java:173) - Initializing ProtocolHandler ["http-nio-3040"]
[12:59:45:278] [INFO] - org.apache.juli.logging.DirectJDKLog.log(DirectJDKLog.java:173) - Starting service [Tomcat]
[12:59:45:279] [INFO] - org.apache.juli.logging.DirectJDKLog.log(DirectJDKLog.java:173) - Starting Servlet Engine: Apache Tomcat/9.0.13
[12:59:45:288] [INFO] - org.apache.juli.logging.DirectJDKLog.log(DirectJDKLog.java:173) - An older version [1.2.17] of the APR based Apache Tomcat Native library is installed, while Tomcat recommends a minimum version of [1.2.18]
[12:59:45:289] [INFO] - org.apache.juli.logging.DirectJDKLog.log(DirectJDKLog.java:173) - Loaded APR based Apache Tomcat Native library [1.2.17] using APR version [1.6.3].
[12:59:45:289] [INFO] - org.apache.juli.logging.DirectJDKLog.log(DirectJDKLog.java:173) - APR capabilities: IPv6 [true], sendfile [true], accept filters [false], random [true].
[12:59:45:289] [INFO] - org.apache.juli.logging.DirectJDKLog.log(DirectJDKLog.java:173) - APR/OpenSSL configuration: useAprConnector [false], useOpenSSL [true]
[12:59:46:360] [INFO] - org.apache.juli.logging.DirectJDKLog.log(DirectJDKLog.java:173) - OpenSSL successfully initialized [OpenSSL 1.0.2o  27 Mar 2018]
[12:59:46:498] [INFO] - org.apache.juli.logging.DirectJDKLog.log(DirectJDKLog.java:173) - Initializing Spring embedded WebApplicationContext
[12:59:46:498] [INFO] - org.springframework.boot.web.servlet.context.ServletWebServerApplicationContext.prepareWebApplicationContext(ServletWebServerApplicationContext.java:296) - Root WebApplicationContext: initialization completed in 2903 ms
[12:59:46:634] [INFO] - com.zaxxer.hikari.HikariDataSource.getConnection(HikariDataSource.java:110) - HikariPool-1 - Starting...
[12:59:47:689] [INFO] - com.zaxxer.hikari.HikariDataSource.getConnection(HikariDataSource.java:123) - HikariPool-1 - Start completed.
[12:59:47:758] [INFO] - org.hibernate.jpa.internal.util.LogHelper.logPersistenceUnitInformation(LogHelper.java:31) - HHH000204: Processing PersistenceUnitInfo [
	name: default
	...]
[12:59:47:827] [INFO] - org.hibernate.Version.logVersion(Version.java:46) - HHH000412: Hibernate Core {5.3.7.Final}
[12:59:47:829] [INFO] - org.hibernate.cfg.Environment.<clinit>(Environment.java:213) - HHH000206: hibernate.properties not found
[12:59:47:982] [INFO] - org.hibernate.annotations.common.reflection.java.JavaReflectionManager.<clinit>(JavaReflectionManager.java:49) - HCANN000001: Hibernate Commons Annotations {5.0.4.Final}
[12:59:48:171] [INFO] - org.hibernate.dialect.Dialect.<init>(Dialect.java:157) - HHH000400: Using dialect: org.hibernate.dialect.MySQL5Dialect
[12:59:48:845] [INFO] - org.springframework.orm.jpa.AbstractEntityManagerFactoryBean.buildNativeEntityManagerFactory(AbstractEntityManagerFactoryBean.java:415) - Initialized JPA EntityManagerFactory for persistence unit 'default'
[12:59:49:516] [INFO] - org.springframework.scheduling.concurrent.ExecutorConfigurationSupport.initialize(ExecutorConfigurationSupport.java:171) - Initializing ExecutorService 'applicationTaskExecutor'
[12:59:50:074] [INFO] - org.springframework.scheduling.concurrent.ExecutorConfigurationSupport.initialize(ExecutorConfigurationSupport.java:171) - Initializing ExecutorService 'taskScheduler'
[12:59:50:119] [INFO] - org.apache.juli.logging.DirectJDKLog.log(DirectJDKLog.java:173) - Starting ProtocolHandler ["http-nio-3040"]
[12:59:50:128] [INFO] - org.apache.juli.logging.DirectJDKLog.log(DirectJDKLog.java:173) - Using a shared selector for servlet write/read
[12:59:50:144] [INFO] - org.springframework.boot.web.embedded.tomcat.TomcatWebServer.start(TomcatWebServer.java:204) - Tomcat started on port(s): 3040 (http) with context path ''
[12:59:50:146] [INFO] - org.springframework.boot.StartupInfoLogger.logStarted(StartupInfoLogger.java:59) - Started WakatimeSyncApplication in 7.359 seconds (JVM running for 9.745)
[13:00:11:445] [INFO] - org.apache.juli.logging.DirectJDKLog.log(DirectJDKLog.java:173) - Initializing Spring DispatcherServlet 'dispatcherServlet'
[13:00:11:445] [INFO] - org.springframework.web.servlet.FrameworkServlet.initServletBean(FrameworkServlet.java:524) - Initializing Servlet 'dispatcherServlet'
[13:00:11:453] [INFO] - org.springframework.web.servlet.FrameworkServlet.initServletBean(FrameworkServlet.java:546) - Completed initialization in 8 ms
[13:00:13:223] [INFO] - org.hibernate.hql.internal.QueryTranslatorFactoryInitiator.initiateService(QueryTranslatorFactoryInitiator.java:47) - HHH000397: Using ASTQueryTranslatorFactory
[13:52:30:946] [INFO] - org.springframework.boot.StartupInfoLogger.logStarting(StartupInfoLogger.java:50) - Starting Tests on DESKTOP-142GN2G with PID 12996 (started by 朱峰龙 in I:\wakatime\wf2311-wakatime-sync-master\wakatime-sync)
[13:52:30:955] [INFO] - org.springframework.boot.SpringApplication.logStartupProfileInfo(SpringApplication.java:675) - No active profile set, falling back to default profiles: default
[13:52:32:072] [INFO] - org.springframework.data.repository.config.RepositoryConfigurationDelegate.multipleStoresDetected(RepositoryConfigurationDelegate.java:244) - Multiple Spring Data modules found, entering strict repository configuration mode!
[13:52:32:076] [INFO] - org.springframework.data.repository.config.RepositoryConfigurationDelegate.registerRepositoriesIn(RepositoryConfigurationDelegate.java:126) - Bootstrapping Spring Data repositories in DEFAULT mode.
[13:52:32:345] [INFO] - org.springframework.data.repository.config.RepositoryConfigurationDelegate.registerRepositoriesIn(RepositoryConfigurationDelegate.java:182) - Finished Spring Data repository scanning in 258ms. Found 13 repository interfaces.
[13:52:32:361] [INFO] - org.springframework.data.repository.config.RepositoryConfigurationDelegate.multipleStoresDetected(RepositoryConfigurationDelegate.java:244) - Multiple Spring Data modules found, entering strict repository configuration mode!
[13:52:32:362] [INFO] - org.springframework.data.repository.config.RepositoryConfigurationDelegate.registerRepositoriesIn(RepositoryConfigurationDelegate.java:126) - Bootstrapping Spring Data repositories in DEFAULT mode.
[13:52:32:398] [INFO] - org.springframework.data.repository.config.RepositoryConfigurationExtensionSupport.isStrictRepositoryCandidate(RepositoryConfigurationExtensionSupport.java:363) - Spring Data Redis - Could not safely identify store assignment for repository candidate interface com.wf2311.wakatime.sync.repository.DayCategoryRepository.
[13:52:32:399] [INFO] - org.springframework.data.repository.config.RepositoryConfigurationExtensionSupport.isStrictRepositoryCandidate(RepositoryConfigurationExtensionSupport.java:363) - Spring Data Redis - Could not safely identify store assignment for repository candidate interface com.wf2311.wakatime.sync.repository.DayDependencyRepository.
[13:52:32:400] [INFO] - org.springframework.data.repository.config.RepositoryConfigurationExtensionSupport.isStrictRepositoryCandidate(RepositoryConfigurationExtensionSupport.java:363) - Spring Data Redis - Could not safely identify store assignment for repository candidate interface com.wf2311.wakatime.sync.repository.DayEditorRepository.
[13:52:32:401] [INFO] - org.springframework.data.repository.config.RepositoryConfigurationExtensionSupport.isStrictRepositoryCandidate(RepositoryConfigurationExtensionSupport.java:363) - Spring Data Redis - Could not safely identify store assignment for repository candidate interface com.wf2311.wakatime.sync.repository.DayEntityRepository.
[13:52:32:402] [INFO] - org.springframework.data.repository.config.RepositoryConfigurationExtensionSupport.isStrictRepositoryCandidate(RepositoryConfigurationExtensionSupport.java:363) - Spring Data Redis - Could not safely identify store assignment for repository candidate interface com.wf2311.wakatime.sync.repository.DayGrandTotalRepository.
[13:52:32:402] [INFO] - org.springframework.data.repository.config.RepositoryConfigurationExtensionSupport.isStrictRepositoryCandidate(RepositoryConfigurationExtensionSupport.java:363) - Spring Data Redis - Could not safely identify store assignment for repository candidate interface com.wf2311.wakatime.sync.repository.DayLanguageRepository.
[13:52:32:403] [INFO] - org.springframework.data.repository.config.RepositoryConfigurationExtensionSupport.isStrictRepositoryCandidate(RepositoryConfigurationExtensionSupport.java:363) - Spring Data Redis - Could not safely identify store assignment for repository candidate interface com.wf2311.wakatime.sync.repository.DayOperateSystemRepository.
[13:52:32:404] [INFO] - org.springframework.data.repository.config.RepositoryConfigurationExtensionSupport.isStrictRepositoryCandidate(RepositoryConfigurationExtensionSupport.java:363) - Spring Data Redis - Could not safely identify store assignment for repository candidate interface com.wf2311.wakatime.sync.repository.DayProjectRepository.
[13:52:32:404] [INFO] - org.springframework.data.repository.config.RepositoryConfigurationExtensionSupport.isStrictRepositoryCandidate(RepositoryConfigurationExtensionSupport.java:363) - Spring Data Redis - Could not safely identify store assignment for repository candidate interface com.wf2311.wakatime.sync.repository.DurationRepository.
[13:52:32:405] [INFO] - org.springframework.data.repository.config.RepositoryConfigurationExtensionSupport.isStrictRepositoryCandidate(RepositoryConfigurationExtensionSupport.java:363) - Spring Data Redis - Could not safely identify store assignment for repository candidate interface com.wf2311.wakatime.sync.repository.HeartBeatRepository.
[13:52:32:406] [INFO] - org.springframework.data.repository.config.RepositoryConfigurationExtensionSupport.isStrictRepositoryCandidate(RepositoryConfigurationExtensionSupport.java:363) - Spring Data Redis - Could not safely identify store assignment for repository candidate interface com.wf2311.wakatime.sync.repository.ProjectDurationRepository.
[13:52:32:406] [INFO] - org.springframework.data.repository.config.RepositoryConfigurationExtensionSupport.isStrictRepositoryCandidate(RepositoryConfigurationExtensionSupport.java:363) - Spring Data Redis - Could not safely identify store assignment for repository candidate interface com.wf2311.wakatime.sync.repository.ProjectRepository.
[13:52:32:407] [INFO] - org.springframework.data.repository.config.RepositoryConfigurationExtensionSupport.isStrictRepositoryCandidate(RepositoryConfigurationExtensionSupport.java:363) - Spring Data Redis - Could not safely identify store assignment for repository candidate interface com.wf2311.wakatime.sync.repository.TimeRepository.
[13:52:32:407] [INFO] - org.springframework.data.repository.config.RepositoryConfigurationDelegate.registerRepositoriesIn(RepositoryConfigurationDelegate.java:182) - Finished Spring Data repository scanning in 35ms. Found 0 repository interfaces.
[13:52:32:974] [INFO] - org.springframework.context.support.PostProcessorRegistrationDelegate$BeanPostProcessorChecker.postProcessAfterInitialization(PostProcessorRegistrationDelegate.java:330) - Bean 'org.springframework.transaction.annotation.ProxyTransactionManagementConfiguration' of type [org.springframework.transaction.annotation.ProxyTransactionManagementConfiguration$$EnhancerBySpringCGLIB$$329e1aad] is not eligible for getting processed by all BeanPostProcessors (for example: not eligible for auto-proxying)
[13:52:33:208] [INFO] - com.zaxxer.hikari.HikariDataSource.getConnection(HikariDataSource.java:110) - HikariPool-1 - Starting...
[13:52:35:199] [INFO] - com.zaxxer.hikari.HikariDataSource.getConnection(HikariDataSource.java:123) - HikariPool-1 - Start completed.
[13:52:35:316] [INFO] - org.hibernate.jpa.internal.util.LogHelper.logPersistenceUnitInformation(LogHelper.java:31) - HHH000204: Processing PersistenceUnitInfo [
	name: default
	...]
[13:52:35:422] [INFO] - org.hibernate.Version.logVersion(Version.java:46) - HHH000412: Hibernate Core {5.3.7.Final}
[13:52:35:425] [INFO] - org.hibernate.cfg.Environment.<clinit>(Environment.java:213) - HHH000206: hibernate.properties not found
[13:52:35:685] [INFO] - org.hibernate.annotations.common.reflection.java.JavaReflectionManager.<clinit>(JavaReflectionManager.java:49) - HCANN000001: Hibernate Commons Annotations {5.0.4.Final}
[13:52:35:871] [INFO] - org.hibernate.dialect.Dialect.<init>(Dialect.java:157) - HHH000400: Using dialect: org.hibernate.dialect.MySQL5Dialect
[13:52:36:854] [INFO] - org.springframework.orm.jpa.AbstractEntityManagerFactoryBean.buildNativeEntityManagerFactory(AbstractEntityManagerFactoryBean.java:415) - Initialized JPA EntityManagerFactory for persistence unit 'default'
[13:52:38:590] [INFO] - org.springframework.scheduling.concurrent.ExecutorConfigurationSupport.initialize(ExecutorConfigurationSupport.java:171) - Initializing ExecutorService 'applicationTaskExecutor'
[13:52:39:628] [INFO] - org.springframework.scheduling.concurrent.ExecutorConfigurationSupport.initialize(ExecutorConfigurationSupport.java:171) - Initializing ExecutorService 'taskScheduler'
[13:52:39:716] [INFO] - org.springframework.boot.StartupInfoLogger.logStarted(StartupInfoLogger.java:59) - Started Tests in 9.418 seconds (JVM running for 11.095)
[13:52:39:930] [INFO] - org.springframework.scheduling.concurrent.ExecutorConfigurationSupport.shutdown(ExecutorConfigurationSupport.java:208) - Shutting down ExecutorService 'taskScheduler'
[13:52:39:947] [INFO] - org.springframework.scheduling.concurrent.ExecutorConfigurationSupport.shutdown(ExecutorConfigurationSupport.java:208) - Shutting down ExecutorService 'applicationTaskExecutor'
[13:52:39:950] [INFO] - org.springframework.orm.jpa.AbstractEntityManagerFactoryBean.destroy(AbstractEntityManagerFactoryBean.java:597) - Closing JPA EntityManagerFactory for persistence unit 'default'
[13:52:39:953] [INFO] - com.zaxxer.hikari.HikariDataSource.close(HikariDataSource.java:350) - HikariPool-1 - Shutdown initiated...
[13:52:39:967] [INFO] - com.zaxxer.hikari.HikariDataSource.close(HikariDataSource.java:352) - HikariPool-1 - Shutdown completed.
