[10:22:03:236] [INFO] - com.wf2311.wakatime.sync.service.sync.HeartBeatService.sync(HeartBeatService.java:64) - 2020-02-19的心跳数据同步完毕，新增296条记录。
[10:22:31:058] [INFO] - com.wf2311.wakatime.sync.service.sync.DurationService.sync(DurationService.java:56) - 2020-02-19的持续时间数据同步完毕，新增24条记录。
[10:22:36:021] [INFO] - com.wf2311.wakatime.sync.service.sync.DaySummaryService.saveDayData(DaySummaryService.java:71) - DayCategoryEntity：1条
[10:22:36:042] [INFO] - com.wf2311.wakatime.sync.service.sync.DaySummaryService.saveDayData(DaySummaryService.java:71) - DayDependencyEntity：26条
[10:22:36:050] [INFO] - com.wf2311.wakatime.sync.service.sync.DaySummaryService.saveDayData(DaySummaryService.java:71) - DayEditorEntity：1条
[10:22:36:061] [INFO] - com.wf2311.wakatime.sync.service.sync.DaySummaryService.saveDayData(DaySummaryService.java:71) - DayLanguageEntity：8条
[10:22:36:068] [INFO] - com.wf2311.wakatime.sync.service.sync.DaySummaryService.saveDayData(DaySummaryService.java:71) - DayOperateSystemEntity：1条
[10:22:36:075] [INFO] - com.wf2311.wakatime.sync.service.sync.DaySummaryService.saveDayData(DaySummaryService.java:71) - DayProjectEntity：3条
[10:23:46:741] [INFO] - com.wf2311.wakatime.sync.service.sync.HeartBeatService.sync(HeartBeatService.java:53) - 2020-02-19的心跳数据已是最新，无需同步。
[10:23:47:578] [INFO] - com.wf2311.wakatime.sync.service.sync.DurationService.sync(DurationService.java:44) - 2020-02-19的持续时间数据已是最新，无需同步。
[10:23:48:280] [INFO] - com.wf2311.wakatime.sync.service.sync.DaySummaryService.sync(DaySummaryService.java:37) - 2020-02-19的统计数据已是最新，无需同步。
[10:24:01:233] [INFO] - com.wf2311.wakatime.sync.service.sync.HeartBeatService.sync(HeartBeatService.java:53) - 2020-02-19的心跳数据已是最新，无需同步。
[10:24:02:021] [INFO] - com.wf2311.wakatime.sync.service.sync.DurationService.sync(DurationService.java:44) - 2020-02-19的持续时间数据已是最新，无需同步。
[10:24:02:929] [INFO] - com.wf2311.wakatime.sync.service.sync.DaySummaryService.sync(DaySummaryService.java:37) - 2020-02-19的统计数据已是最新，无需同步。
[10:25:01:378] [INFO] - com.wf2311.wakatime.sync.service.sync.HeartBeatService.sync(HeartBeatService.java:53) - 2020-02-19的心跳数据已是最新，无需同步。
[10:25:02:313] [INFO] - com.wf2311.wakatime.sync.service.sync.DurationService.sync(DurationService.java:44) - 2020-02-19的持续时间数据已是最新，无需同步。
[10:25:03:116] [INFO] - com.wf2311.wakatime.sync.service.sync.DaySummaryService.sync(DaySummaryService.java:37) - 2020-02-19的统计数据已是最新，无需同步。
[10:26:01:042] [INFO] - com.wf2311.wakatime.sync.service.sync.HeartBeatService.sync(HeartBeatService.java:53) - 2020-02-19的心跳数据已是最新，无需同步。
[10:26:01:738] [INFO] - com.wf2311.wakatime.sync.service.sync.DurationService.sync(DurationService.java:44) - 2020-02-19的持续时间数据已是最新，无需同步。
[10:26:02:433] [INFO] - com.wf2311.wakatime.sync.service.sync.DaySummaryService.sync(DaySummaryService.java:37) - 2020-02-19的统计数据已是最新，无需同步。
